{"numTotalTestSuites":55,"numPassedTestSuites":48,"numFailedTestSuites":7,"numPendingTestSuites":0,"numTotalTests":112,"numPassedTests":104,"numFailedTests":8,"numPendingTests":0,"numTodoTests":0,"snapshot":{"added":0,"failure":false,"filesAdded":0,"filesRemoved":0,"filesRemovedList":[],"filesUnmatched":0,"filesUpdated":0,"matched":0,"total":0,"unchecked":0,"uncheckedKeysByFile":[],"unmatched":0,"updated":0,"didUpdate":false},"startTime":1776786448704,"success":false,"testResults":[{"assertionResults":[{"ancestorTitles":["App Component"],"fullName":"App Component renders PasscodeOverlay when not unlocked","status":"passed","title":"renders PasscodeOverlay when not unlocked","duration":28.67937499999971,"failureMessages":[],"meta":{},"tags":[]},{"ancestorTitles":["App Component"],"fullName":"App Component renders Home page when unlocked and on root path","status":"passed","title":"renders Home page when unlocked and on root path","duration":5.3550420000001395,"failureMessages":[],"meta":{},"tags":[]}],"startTime":1776786460459,"endTime":1776786460493.355,"status":"passed","message":"","name":"/Users/rhishikesh/GITHUB/_SANDBOX/react-cloudhub-explorer-ui/application-source/src/App.test.tsx"},{"assertionResults":[{"ancestorTitles":["Skeleton Component"],"fullName":"Skeleton Component renders with custom dimensions","status":"passed","title":"renders with custom dimensions","duration":26.481458000000202,"failureMessages":[],"meta":{},"tags":[]},{"ancestorTitles":["Skeleton Component"],"fullName":"Skeleton Component renders FileCardSkeleton correctly","status":"passed","title":"renders FileCardSkeleton correctly","duration":16.15270899999996,"failureMessages":[],"meta":{},"tags":[]}],"startTime":1776786460004,"endTime":1776786460046.1526,"status":"passed","message":"","name":"/Users/rhishikesh/GITHUB/_SANDBOX/react-cloudhub-explorer-ui/application-source/src/components/Skeleton.test.tsx"},{"assertionResults":[{"ancestorTitles":["useAuth Hook"],"fullName":"useAuth Hook should throw error when used outside AuthProvider","status":"passed","title":"should throw error when used outside AuthProvider","duration":22.43362500000012,"failureMessages":[],"meta":{},"tags":[]},{"ancestorTitles":["useAuth Hook"],"fullName":"useAuth Hook should return context value when used within AuthProvider","status":"passed","title":"should return context value when used within AuthProvider","duration":4.22991600000023,"failureMessages":[],"meta":{},"tags":[]}],"startTime":1776786460288,"endTime":1776786460314.23,"status":"passed","message":"","name":"/Users/rhishikesh/GITHUB/_SANDBOX/react-cloudhub-explorer-ui/application-source/src/hooks/useAuth.test.tsx"},{"assertionResults":[{"ancestorTitles":["API Client"],"fullName":"API Client should perform a GET request with correct headers","status":"passed","title":"should perform a GET request with correct headers","duration":81.33758400000033,"failureMessages":[],"meta":{},"tags":[]},{"ancestorTitles":["API Client"],"fullName":"API Client should include Authorization header if token exists","status":"passed","title":"should include Authorization header if token exists","duration":0.880666999999903,"failureMessages":[],"meta":{},"tags":[]},{"ancestorTitles":["API Client"],"fullName":"API Client should handle POST with FormData correctly","status":"passed","title":"should handle POST with FormData correctly","duration":12.135667000000012,"failureMessages":[],"meta":{},"tags":[]},{"ancestorTitles":["API Client"],"fullName":"API Client should handle POST with JSON correctly","status":"passed","title":"should handle POST with JSON correctly","duration":8.884375000000091,"failureMessages":[],"meta":{},"tags":[]},{"ancestorTitles":["API Client"],"fullName":"API Client should handle PATCH with JSON correctly","status":"passed","title":"should handle PATCH with JSON correctly","duration":0.7084580000000642,"failureMessages":[],"meta":{},"tags":[]},{"ancestorTitles":["API Client"],"fullName":"API Client should handle PATCH with FormData correctly","status":"passed","title":"should handle PATCH with FormData correctly","duration":9.051457999999911,"failureMessages":[],"meta":{},"tags":[]},{"ancestorTitles":["API Client"],"fullName":"API Client should handle DELETE correctly","status":"passed","title":"should handle DELETE correctly","duration":0.47787500000004,"failureMessages":[],"meta":{},"tags":[]},{"ancestorTitles":["API Client"],"fullName":"API Client throws error when response is not ok (GET)","status":"passed","title":"throws error when response is not ok (GET)","duration":72.34383399999979,"failureMessages":[],"meta":{},"tags":[]},{"ancestorTitles":["API Client"],"fullName":"API Client throws error when response is not ok (POST)","status":"passed","title":"throws error when response is not ok (POST)","duration":0.4830840000004173,"failureMessages":[],"meta":{},"tags":[]},{"ancestorTitles":["API Client"],"fullName":"API Client throws error when response is not ok (PATCH)","status":"passed","title":"throws error when response is not ok (PATCH)","duration":0.5515409999998155,"failureMessages":[],"meta":{},"tags":[]},{"ancestorTitles":["API Client"],"fullName":"API Client throws error when response is not ok (DELETE)","status":"passed","title":"throws error when response is not ok (DELETE)","duration":23.828625000000102,"failureMessages":[],"meta":{},"tags":[]}],"startTime":1776786458768,"endTime":1776786458986.8286,"status":"passed","message":"","name":"/Users/rhishikesh/GITHUB/_SANDBOX/react-cloudhub-explorer-ui/application-source/src/services/apiClient.test.ts"},{"assertionResults":[{"ancestorTitles":["AuthContext"],"fullName":"AuthContext should initialize with locked state by default","status":"passed","title":"should initialize with locked state by default","duration":269.5181669999997,"failureMessages":[],"meta":{},"tags":[]},{"ancestorTitles":["AuthContext"],"fullName":"AuthContext should unlock correctly with valid passcode","status":"passed","title":"should unlock correctly with valid passcode","duration":52.531582999999955,"failureMessages":[],"meta":{},"tags":[]},{"ancestorTitles":["AuthContext"],"fullName":"AuthContext should set error state with invalid passcode","status":"passed","title":"should set error state with invalid passcode","duration":66.41316700000016,"failureMessages":[],"meta":{},"tags":[]},{"ancestorTitles":["AuthContext"],"fullName":"AuthContext should fetch accounts when unlocked","status":"passed","title":"should fetch accounts when unlocked","duration":63.922917000000325,"failureMessages":[],"meta":{},"tags":[]},{"ancestorTitles":["AuthContext"],"fullName":"AuthContext should handle account logout","status":"passed","title":"should handle account logout","duration":75.12874999999985,"failureMessages":[],"meta":{},"tags":[]},{"ancestorTitles":["AuthContext"],"fullName":"AuthContext should handle error during account fetching","status":"passed","title":"should handle error during account fetching","duration":41.083042000000205,"failureMessages":[],"meta":{},"tags":[]},{"ancestorTitles":["AuthContext"],"fullName":"AuthContext should handle error during account logout","status":"passed","title":"should handle error during account logout","duration":40.67650000000003,"failureMessages":[],"meta":{},"tags":[]}],"startTime":1776786455332,"endTime":1776786455940.6765,"status":"passed","message":"","name":"/Users/rhishikesh/GITHUB/_SANDBOX/react-cloudhub-explorer-ui/application-source/src/context/AuthContext.test.tsx"},{"assertionResults":[{"ancestorTitles":["Home Page"],"fullName":"Home Page renders FileLibrary component","status":"passed","title":"renders FileLibrary component","duration":37.25199999999995,"failureMessages":[],"meta":{},"tags":[]}],"startTime":1776786460023,"endTime":1776786460060.252,"status":"passed","message":"","name":"/Users/rhishikesh/GITHUB/_SANDBOX/react-cloudhub-explorer-ui/application-source/src/pages/Home.test.tsx"},{"assertionResults":[{"ancestorTitles":["VideoPlayerPage"],"fullName":"VideoPlayerPage renders the video player and playlist sidebar","status":"passed","title":"renders the video player and playlist sidebar","duration":700.3023329999996,"failureMessages":[],"meta":{},"tags":[]},{"ancestorTitles":["VideoPlayerPage"],"fullName":"VideoPlayerPage handles automatic next video transition","status":"passed","title":"handles automatic next video transition","duration":200.61508400000002,"failureMessages":[],"meta":{},"tags":[]},{"ancestorTitles":["VideoPlayerPage"],"fullName":"VideoPlayerPage navigates back to folder correctly","status":"passed","title":"navigates back to folder correctly","duration":120.25374999999985,"failureMessages":[],"meta":{},"tags":[]},{"ancestorTitles":["VideoPlayerPage"],"fullName":"VideoPlayerPage navigates to another video from sidebar","status":"passed","title":"navigates to another video from sidebar","duration":109.92754200000036,"failureMessages":[],"meta":{},"tags":[]},{"ancestorTitles":["VideoPlayerPage"],"fullName":"VideoPlayerPage handles thumbnail update callback","status":"passed","title":"handles thumbnail update callback","duration":285.4739159999999,"failureMessages":[],"meta":{},"tags":[]},{"ancestorTitles":["VideoPlayerPage"],"fullName":"VideoPlayerPage handles automatic next video transition with MEGA provider","status":"passed","title":"handles automatic next video transition with MEGA provider","duration":172.15770799999973,"failureMessages":[],"meta":{},"tags":[]},{"ancestorTitles":["VideoPlayerPage"],"fullName":"VideoPlayerPage updates current time on timestamp update","status":"passed","title":"updates current time on timestamp update","duration":234.23654199999964,"failureMessages":[],"meta":{},"tags":[]}],"startTime":1776786454296,"endTime":1776786456126.2366,"status":"passed","message":"","name":"/Users/rhishikesh/GITHUB/_SANDBOX/react-cloudhub-explorer-ui/application-source/src/pages/VideoPlayerPage.test.tsx"},{"assertionResults":[{"ancestorTitles":["Viewer Page"],"fullName":"Viewer Page renders video element with correct stream URL","status":"passed","title":"renders video element with correct stream URL","duration":665.4435839999996,"failureMessages":[],"meta":{},"tags":[]},{"ancestorTitles":["Viewer Page"],"fullName":"Viewer Page handles missing token gracefully","status":"passed","title":"handles missing token gracefully","duration":75.14699999999993,"failureMessages":[],"meta":{},"tags":[]}],"startTime":1776786458876,"endTime":1776786459616.147,"status":"passed","message":"","name":"/Users/rhishikesh/GITHUB/_SANDBOX/react-cloudhub-explorer-ui/application-source/src/pages/Viewer.test.tsx"},{"assertionResults":[{"ancestorTitles":["PasscodeOverlay Component"],"fullName":"PasscodeOverlay Component renders correctly with 4 input fields","status":"passed","title":"renders correctly with 4 input fields","duration":305.26108399999976,"failureMessages":[],"meta":{},"tags":[]},{"ancestorTitles":["PasscodeOverlay Component"],"fullName":"PasscodeOverlay Component auto-focuses next input on digit entry","status":"passed","title":"auto-focuses next input on digit entry","duration":196.01324999999997,"failureMessages":[],"meta":{},"tags":[]},{"ancestorTitles":["PasscodeOverlay Component"],"fullName":"PasscodeOverlay Component moves focus back on backspace when empty","status":"passed","title":"moves focus back on backspace when empty","duration":162.64808400000038,"failureMessages":[],"meta":{},"tags":[]},{"ancestorTitles":["PasscodeOverlay Component"],"fullName":"PasscodeOverlay Component submits automatically when 4th digit is entered","status":"passed","title":"submits automatically when 4th digit is entered","duration":115.46045800000002,"failureMessages":[],"meta":{},"tags":[]},{"ancestorTitles":["PasscodeOverlay Component"],"fullName":"PasscodeOverlay Component displays error message when provided","status":"passed","title":"displays error message when provided","duration":145.39183300000013,"failureMessages":[],"meta":{},"tags":[]},{"ancestorTitles":["PasscodeOverlay Component"],"fullName":"PasscodeOverlay Component takes the last character if multiple are entered","status":"passed","title":"takes the last character if multiple are entered","duration":58.11566700000003,"failureMessages":[],"meta":{},"tags":[]},{"ancestorTitles":["PasscodeOverlay Component"],"fullName":"PasscodeOverlay Component handles manual form submission","status":"passed","title":"handles manual form submission","duration":64.01974999999993,"failureMessages":[],"meta":{},"tags":[]}],"startTime":1776786450717,"endTime":1776786451764.0198,"status":"passed","message":"","name":"/Users/rhishikesh/GITHUB/_SANDBOX/react-cloudhub-explorer-ui/application-source/src/features/auth/PasscodeOverlay.test.tsx"},{"assertionResults":[{"ancestorTitles":["FileCard Component"],"fullName":"FileCard Component renders folder correctly","status":"passed","title":"renders folder correctly","duration":84.75708399999985,"failureMessages":[],"meta":{},"tags":[]},{"ancestorTitles":["FileCard Component"],"fullName":"FileCard Component renders file with duration and size","status":"passed","title":"renders file with duration and size","duration":37.74962500000038,"failureMessages":[],"meta":{},"tags":[]},{"ancestorTitles":["FileCard Component"],"fullName":"FileCard Component calls onClick when clicked","status":"passed","title":"calls onClick when clicked","duration":12.66037499999993,"failureMessages":[],"meta":{},"tags":[]},{"ancestorTitles":["FileCard Component"],"fullName":"FileCard Component handles hover events for coverage","status":"passed","title":"handles hover events for coverage","duration":17.82849999999962,"failureMessages":[],"meta":{},"tags":[]}],"startTime":1776786456619,"endTime":1776786456772.8286,"status":"passed","message":"","name":"/Users/rhishikesh/GITHUB/_SANDBOX/react-cloudhub-explorer-ui/application-source/src/features/files/components/FileCard.test.tsx"},{"assertionResults":[{"ancestorTitles":["FileLibrary Component"],"fullName":"FileLibrary Component renders loading state","status":"failed","title":"renders loading state","duration":81.83433400000013,"failureMessages":["Error: useAuth must be used within an AuthProvider\n    at useAuth (/Users/rhishikesh/GITHUB/_SANDBOX/react-cloudhub-explorer-ui/application-source/src/hooks/useAuth.ts:19:11)\n    at useAccountManager (/Users/rhishikesh/GITHUB/_SANDBOX/react-cloudhub-explorer-ui/application-source/src/features/accounts/hooks/useAccountManager.ts:20:84)\n    at AccountManager (/Users/rhishikesh/GITHUB/_SANDBOX/react-cloudhub-explorer-ui/application-source/src/features/accounts/components/AccountManager.tsx:52:7)\n    at Object.react_stack_bottom_frame (/Users/rhishikesh/GITHUB/_SANDBOX/react-cloudhub-explorer-ui/application-source/node_modules/react-dom/cjs/react-dom-client.development.js:25904:20)\n    at renderWithHooks (/Users/rhishikesh/GITHUB/_SANDBOX/react-cloudhub-explorer-ui/application-source/node_modules/react-dom/cjs/react-dom-client.development.js:7662:22)\n    at updateFunctionComponent (/Users/rhishikesh/GITHUB/_SANDBOX/react-cloudhub-explorer-ui/application-source/node_modules/react-dom/cjs/react-dom-client.development.js:10166:19)\n    at beginWork (/Users/rhishikesh/GITHUB/_SANDBOX/react-cloudhub-explorer-ui/application-source/node_modules/react-dom/cjs/react-dom-client.development.js:11778:18)\n    at runWithFiberInDEV (/Users/rhishikesh/GITHUB/_SANDBOX/react-cloudhub-explorer-ui/application-source/node_modules/react-dom/cjs/react-dom-client.development.js:874:13)\n    at performUnitOfWork (/Users/rhishikesh/GITHUB/_SANDBOX/react-cloudhub-explorer-ui/application-source/node_modules/react-dom/cjs/react-dom-client.development.js:17641:22)\n    at workLoopSync (/Users/rhishikesh/GITHUB/_SANDBOX/react-cloudhub-explorer-ui/application-source/node_modules/react-dom/cjs/react-dom-client.development.js:17469:41)"],"meta":{},"tags":[]},{"ancestorTitles":["FileLibrary Component"],"fullName":"FileLibrary Component renders files and handles folder navigation","status":"failed","title":"renders files and handles folder navigation","duration":14.316499999999905,"failureMessages":["Error: useAuth must be used within an AuthProvider\n    at useAuth (/Users/rhishikesh/GITHUB/_SANDBOX/react-cloudhub-explorer-ui/application-source/src/hooks/useAuth.ts:19:11)\n    at useAccountManager (/Users/rhishikesh/GITHUB/_SANDBOX/react-cloudhub-explorer-ui/application-source/src/features/accounts/hooks/useAccountManager.ts:20:84)\n    at AccountManager (/Users/rhishikesh/GITHUB/_SANDBOX/react-cloudhub-explorer-ui/application-source/src/features/accounts/components/AccountManager.tsx:52:7)\n    at Object.react_stack_bottom_frame (/Users/rhishikesh/GITHUB/_SANDBOX/react-cloudhub-explorer-ui/application-source/node_modules/react-dom/cjs/react-dom-client.development.js:25904:20)\n    at renderWithHooks (/Users/rhishikesh/GITHUB/_SANDBOX/react-cloudhub-explorer-ui/application-source/node_modules/react-dom/cjs/react-dom-client.development.js:7662:22)\n    at updateFunctionComponent (/Users/rhishikesh/GITHUB/_SANDBOX/react-cloudhub-explorer-ui/application-source/node_modules/react-dom/cjs/react-dom-client.development.js:10166:19)\n    at beginWork (/Users/rhishikesh/GITHUB/_SANDBOX/react-cloudhub-explorer-ui/application-source/node_modules/react-dom/cjs/react-dom-client.development.js:11778:18)\n    at runWithFiberInDEV (/Users/rhishikesh/GITHUB/_SANDBOX/react-cloudhub-explorer-ui/application-source/node_modules/react-dom/cjs/react-dom-client.development.js:874:13)\n    at performUnitOfWork (/Users/rhishikesh/GITHUB/_SANDBOX/react-cloudhub-explorer-ui/application-source/node_modules/react-dom/cjs/react-dom-client.development.js:17641:22)\n    at workLoopSync (/Users/rhishikesh/GITHUB/_SANDBOX/react-cloudhub-explorer-ui/application-source/node_modules/react-dom/cjs/react-dom-client.development.js:17469:41)"],"meta":{},"tags":[]},{"ancestorTitles":["FileLibrary Component"],"fullName":"FileLibrary Component navigates to player on video click","status":"failed","title":"navigates to player on video click","duration":12.048208000000159,"failureMessages":["Error: useAuth must be used within an AuthProvider\n    at useAuth (/Users/rhishikesh/GITHUB/_SANDBOX/react-cloudhub-explorer-ui/application-source/src/hooks/useAuth.ts:19:11)\n    at useAccountManager (/Users/rhishikesh/GITHUB/_SANDBOX/react-cloudhub-explorer-ui/application-source/src/features/accounts/hooks/useAccountManager.ts:20:84)\n    at AccountManager (/Users/rhishikesh/GITHUB/_SANDBOX/react-cloudhub-explorer-ui/application-source/src/features/accounts/components/AccountManager.tsx:52:7)\n    at Object.react_stack_bottom_frame (/Users/rhishikesh/GITHUB/_SANDBOX/react-cloudhub-explorer-ui/application-source/node_modules/react-dom/cjs/react-dom-client.development.js:25904:20)\n    at renderWithHooks (/Users/rhishikesh/GITHUB/_SANDBOX/react-cloudhub-explorer-ui/application-source/node_modules/react-dom/cjs/react-dom-client.development.js:7662:22)\n    at updateFunctionComponent (/Users/rhishikesh/GITHUB/_SANDBOX/react-cloudhub-explorer-ui/application-source/node_modules/react-dom/cjs/react-dom-client.development.js:10166:19)\n    at beginWork (/Users/rhishikesh/GITHUB/_SANDBOX/react-cloudhub-explorer-ui/application-source/node_modules/react-dom/cjs/react-dom-client.development.js:11778:18)\n    at runWithFiberInDEV (/Users/rhishikesh/GITHUB/_SANDBOX/react-cloudhub-explorer-ui/application-source/node_modules/react-dom/cjs/react-dom-client.development.js:874:13)\n    at performUnitOfWork (/Users/rhishikesh/GITHUB/_SANDBOX/react-cloudhub-explorer-ui/application-source/node_modules/react-dom/cjs/react-dom-client.development.js:17641:22)\n    at workLoopSync (/Users/rhishikesh/GITHUB/_SANDBOX/react-cloudhub-explorer-ui/application-source/node_modules/react-dom/cjs/react-dom-client.development.js:17469:41)"],"meta":{},"tags":[]}],"startTime":1776786453329,"endTime":1776786453437.048,"status":"failed","message":"","name":"/Users/rhishikesh/GITHUB/_SANDBOX/react-cloudhub-explorer-ui/application-source/src/features/files/components/FileLibrary.test.tsx"},{"assertionResults":[{"ancestorTitles":["FileLibraryHeader Component"],"fullName":"FileLibraryHeader Component renders breadcrumbs correctly","status":"passed","title":"renders breadcrumbs correctly","duration":820.8006249999999,"failureMessages":[],"meta":{},"tags":[]},{"ancestorTitles":["FileLibraryHeader Component"],"fullName":"FileLibraryHeader Component handles logo click","status":"passed","title":"handles logo click","duration":151.59779100000014,"failureMessages":[],"meta":{},"tags":[]},{"ancestorTitles":["FileLibraryHeader Component"],"fullName":"FileLibraryHeader Component opens and closes account manager","status":"passed","title":"opens and closes account manager","duration":651.3916670000003,"failureMessages":[],"meta":{},"tags":[]},{"ancestorTitles":["FileLibraryHeader Component"],"fullName":"FileLibraryHeader Component handles column count change","status":"passed","title":"handles column count change","duration":172.73700000000008,"failureMessages":[],"meta":{},"tags":[]}],"startTime":1776786450717,"endTime":1776786452513.737,"status":"passed","message":"","name":"/Users/rhishikesh/GITHUB/_SANDBOX/react-cloudhub-explorer-ui/application-source/src/features/files/components/FileLibraryHeader.test.tsx"},{"assertionResults":[{"ancestorTitles":["FileLibraryHero Component"],"fullName":"FileLibraryHero Component renders title and item count correctly","status":"passed","title":"renders title and item count correctly","duration":937.6182910000002,"failureMessages":[],"meta":{},"tags":[]},{"ancestorTitles":["FileLibraryHero Component"],"fullName":"FileLibraryHero Component shows loading state correctly","status":"passed","title":"shows loading state correctly","duration":37.22508400000015,"failureMessages":[],"meta":{},"tags":[]}],"startTime":1776786450843,"endTime":1776786451817.225,"status":"passed","message":"","name":"/Users/rhishikesh/GITHUB/_SANDBOX/react-cloudhub-explorer-ui/application-source/src/features/files/components/FileLibraryHero.test.tsx"},{"assertionResults":[{"ancestorTitles":["ThumbnailCapture Component"],"fullName":"ThumbnailCapture Component renders correctly and shows formatted time","status":"passed","title":"renders correctly and shows formatted time","duration":576.8852500000003,"failureMessages":[],"meta":{},"tags":[]},{"ancestorTitles":["ThumbnailCapture Component"],"fullName":"ThumbnailCapture Component triggers onTimestampChange when slider moves","status":"passed","title":"triggers onTimestampChange when slider moves","duration":585.937833,"failureMessages":[],"meta":{},"tags":[]},{"ancestorTitles":["ThumbnailCapture Component"],"fullName":"ThumbnailCapture Component triggers onPreview when button is clicked","status":"passed","title":"triggers onPreview when button is clicked","duration":78.09379199999967,"failureMessages":[],"meta":{},"tags":[]},{"ancestorTitles":["ThumbnailCapture Component"],"fullName":"ThumbnailCapture Component disables button when loading","status":"passed","title":"disables button when loading","duration":65.9867919999997,"failureMessages":[],"meta":{},"tags":[]}],"startTime":1776786458333,"endTime":1776786459639.9868,"status":"passed","message":"","name":"/Users/rhishikesh/GITHUB/_SANDBOX/react-cloudhub-explorer-ui/application-source/src/features/files/components/ThumbnailCapture.test.tsx"},{"assertionResults":[],"startTime":1776786448704,"endTime":1776786448704,"status":"failed","message":"Transform failed with 1 error:\n\n\u001b[31m[PARSE_ERROR] Error:\u001b[0m Expected `}` but found `EOF`\n     \u001b[38;5;246m╭\u001b[0m\u001b[38;5;246m─\u001b[0m\u001b[38;5;246m[\u001b[0m src/features/files/components/ThumbnailModal.test.tsx:173:5 \u001b[38;5;246m]\u001b[0m\n     \u001b[38;5;246m│\u001b[0m\n \u001b[38;5;246m 42 │\u001b[0m \u001b[38;5;249md\u001b[0m\u001b[38;5;249me\u001b[0m\u001b[38;5;249ms\u001b[0m\u001b[38;5;249mc\u001b[0m\u001b[38;5;249mr\u001b[0m\u001b[38;5;249mi\u001b[0m\u001b[38;5;249mb\u001b[0m\u001b[38;5;249me\u001b[0m\u001b[38;5;249m(\u001b[0m\u001b[38;5;249m\"\u001b[0m\u001b[38;5;249mT\u001b[0m\u001b[38;5;249mh\u001b[0m\u001b[38;5;249mu\u001b[0m\u001b[38;5;249mm\u001b[0m\u001b[38;5;249mb\u001b[0m\u001b[38;5;249mn\u001b[0m\u001b[38;5;249ma\u001b[0m\u001b[38;5;249mi\u001b[0m\u001b[38;5;249ml\u001b[0m\u001b[38;5;249mM\u001b[0m\u001b[38;5;249mo\u001b[0m\u001b[38;5;249md\u001b[0m\u001b[38;5;249ma\u001b[0m\u001b[38;5;249ml\u001b[0m\u001b[38;5;249m \u001b[0m\u001b[38;5;249mC\u001b[0m\u001b[38;5;249mo\u001b[0m\u001b[38;5;249mm\u001b[0m\u001b[38;5;249mp\u001b[0m\u001b[38;5;249mo\u001b[0m\u001b[38;5;249mn\u001b[0m\u001b[38;5;249me\u001b[0m\u001b[38;5;249mn\u001b[0m\u001b[38;5;249mt\u001b[0m\u001b[38;5;249m\"\u001b[0m\u001b[38;5;249m,\u001b[0m\u001b[38;5;249m \u001b[0m\u001b[38;5;249m(\u001b[0m\u001b[38;5;249m)\u001b[0m\u001b[38;5;249m \u001b[0m\u001b[38;5;249m=\u001b[0m\u001b[38;5;249m>\u001b[0m\u001b[38;5;249m \u001b[0m{\n \u001b[38;5;240m    │\u001b[0m                                            ┬  \n \u001b[38;5;240m    │\u001b[0m                                            ╰── Opened here\n \u001b[38;5;240m    │\u001b[0m \n \u001b[38;5;246m173 │\u001b[0m \u001b[38;5;249m}\u001b[0m\u001b[38;5;249m)\u001b[0m\u001b[38;5;249m;\u001b[0m\n \u001b[38;5;240m    │\u001b[0m     │ \n \u001b[38;5;240m    │\u001b[0m     ╰─ `}` expected\n\u001b[38;5;246m─────╯\u001b[0m\n","name":"/Users/rhishikesh/GITHUB/_SANDBOX/react-cloudhub-explorer-ui/application-source/src/features/files/components/ThumbnailModal.test.tsx"},{"assertionResults":[{"ancestorTitles":["ThumbnailUpload Component"],"fullName":"ThumbnailUpload Component renders default message when no file is selected","status":"passed","title":"renders default message when no file is selected","duration":751.6278330000005,"failureMessages":[],"meta":{},"tags":[]},{"ancestorTitles":["ThumbnailUpload Component"],"fullName":"ThumbnailUpload Component renders filename when a file is selected","status":"passed","title":"renders filename when a file is selected","duration":51.239832999999635,"failureMessages":[],"meta":{},"tags":[]},{"ancestorTitles":["ThumbnailUpload Component"],"fullName":"ThumbnailUpload Component handles file selection via input change","status":"passed","title":"handles file selection via input change","duration":125.72987499999999,"failureMessages":[],"meta":{},"tags":[]},{"ancestorTitles":["ThumbnailUpload Component"],"fullName":"ThumbnailUpload Component handles drag and drop","status":"passed","title":"handles drag and drop","duration":161.2852499999999,"failureMessages":[],"meta":{},"tags":[]},{"ancestorTitles":["ThumbnailUpload Component"],"fullName":"ThumbnailUpload Component resets border color on drag leave","status":"passed","title":"resets border color on drag leave","duration":62.1367909999999,"failureMessages":[],"meta":{},"tags":[]},{"ancestorTitles":["ThumbnailUpload Component"],"fullName":"ThumbnailUpload Component triggers file input click when the area is clicked","status":"passed","title":"triggers file input click when the area is clicked","duration":60.28637499999968,"failureMessages":[],"meta":{},"tags":[]}],"startTime":1776786458280,"endTime":1776786459492.2864,"status":"passed","message":"","name":"/Users/rhishikesh/GITHUB/_SANDBOX/react-cloudhub-explorer-ui/application-source/src/features/files/components/ThumbnailUpload.test.tsx"},{"assertionResults":[{"ancestorTitles":["useFiles Hook"],"fullName":"useFiles Hook should fetch files and return data","status":"passed","title":"should fetch files and return data","duration":466.923542,"failureMessages":[],"meta":{},"tags":[]},{"ancestorTitles":["useFiles Hook"],"fullName":"useFiles Hook should handle loading states","status":"passed","title":"should handle loading states","duration":2.3333330000000387,"failureMessages":[],"meta":{},"tags":[]},{"ancestorTitles":["useFiles Hook"],"fullName":"useFiles Hook should handle error states","status":"passed","title":"should handle error states","duration":78.41291599999977,"failureMessages":[],"meta":{},"tags":[]},{"ancestorTitles":["useFiles Hook"],"fullName":"useFiles Hook should force refresh data when refresh is called","status":"passed","title":"should force refresh data when refresh is called","duration":79.89449999999988,"failureMessages":[],"meta":{},"tags":[]},{"ancestorTitles":["useFiles Hook"],"fullName":"useFiles Hook should handle error during manual refresh","status":"passed","title":"should handle error during manual refresh","duration":70.92550000000028,"failureMessages":[],"meta":{},"tags":[]}],"startTime":1776786455737,"endTime":1776786456435.9255,"status":"passed","message":"","name":"/Users/rhishikesh/GITHUB/_SANDBOX/react-cloudhub-explorer-ui/application-source/src/features/files/hooks/useFiles.test.tsx"},{"assertionResults":[{"ancestorTitles":["File Service","fetchFiles"],"fullName":"File Service fetchFiles should call apiClient.get with correct folderId","status":"passed","title":"should call apiClient.get with correct folderId","duration":4.222458000000188,"failureMessages":[],"meta":{},"tags":[]},{"ancestorTitles":["File Service","fetchFiles"],"fullName":"File Service fetchFiles should use 'root' as default folderId","status":"passed","title":"should use 'root' as default folderId","duration":0.3056669999998576,"failureMessages":[],"meta":{},"tags":[]},{"ancestorTitles":["File Service","updateThumbnail"],"fullName":"File Service updateThumbnail should handle timestamp-based updates","status":"passed","title":"should handle timestamp-based updates","duration":0.47754200000008495,"failureMessages":[],"meta":{},"tags":[]},{"ancestorTitles":["File Service","updateThumbnail"],"fullName":"File Service updateThumbnail should handle manual file upload updates","status":"passed","title":"should handle manual file upload updates","duration":2.013125000000173,"failureMessages":[],"meta":{},"tags":[]}],"startTime":1776786460504,"endTime":1776786460511.0132,"status":"passed","message":"","name":"/Users/rhishikesh/GITHUB/_SANDBOX/react-cloudhub-explorer-ui/application-source/src/features/files/services/fileService.test.ts"},{"assertionResults":[{"ancestorTitles":["useAccountManager Hook"],"fullName":"useAccountManager Hook should format bytes correctly","status":"passed","title":"should format bytes correctly","duration":168.27604100000008,"failureMessages":[],"meta":{},"tags":[]},{"ancestorTitles":["useAccountManager Hook"],"fullName":"useAccountManager Hook should handle Google Drive login initiation","status":"passed","title":"should handle Google Drive login initiation","duration":6.041291999999885,"failureMessages":[],"meta":{},"tags":[]},{"ancestorTitles":["useAccountManager Hook"],"fullName":"useAccountManager Hook should handle MEGA account submission","status":"passed","title":"should handle MEGA account submission","duration":4.154708000000028,"failureMessages":[],"meta":{},"tags":[]},{"ancestorTitles":["useAccountManager Hook"],"fullName":"useAccountManager Hook should toggle MEGA form visibility","status":"passed","title":"should toggle MEGA form visibility","duration":1.3459579999998823,"failureMessages":[],"meta":{},"tags":[]},{"ancestorTitles":["useAccountManager Hook"],"fullName":"useAccountManager Hook should listen for google-login-success message","status":"passed","title":"should listen for google-login-success message","duration":3.6441670000003796,"failureMessages":[],"meta":{},"tags":[]},{"ancestorTitles":["useAccountManager Hook"],"fullName":"useAccountManager Hook should handle error during Google Drive login initiation","status":"passed","title":"should handle error during Google Drive login initiation","duration":4.342749999999796,"failureMessages":[],"meta":{},"tags":[]},{"ancestorTitles":["useAccountManager Hook"],"fullName":"useAccountManager Hook should handle error during MEGA account submission","status":"passed","title":"should handle error during MEGA account submission","duration":3.264375000000655,"failureMessages":[],"meta":{},"tags":[]}],"startTime":1776786454269,"endTime":1776786454460.2644,"status":"passed","message":"","name":"/Users/rhishikesh/GITHUB/_SANDBOX/react-cloudhub-explorer-ui/application-source/src/features/accounts/hooks/useAccountManager.test.ts"},{"assertionResults":[{"ancestorTitles":["AccountCard Component"],"fullName":"AccountCard Component renders account information correctly","status":"passed","title":"renders account information correctly","duration":81.40483399999994,"failureMessages":[],"meta":{},"tags":[]},{"ancestorTitles":["AccountCard Component"],"fullName":"AccountCard Component displays storage usage and percentage","status":"passed","title":"displays storage usage and percentage","duration":11.043416999999863,"failureMessages":[],"meta":{},"tags":[]},{"ancestorTitles":["AccountCard Component"],"fullName":"AccountCard Component shows expired status when inactive","status":"passed","title":"shows expired status when inactive","duration":9.34754200000043,"failureMessages":[],"meta":{},"tags":[]},{"ancestorTitles":["AccountCard Component"],"fullName":"AccountCard Component calls onDisconnect with account ID when button clicked","status":"passed","title":"calls onDisconnect with account ID when button clicked","duration":19.028957999999875,"failureMessages":[],"meta":{},"tags":[]}],"startTime":1776786453298,"endTime":1776786453419.029,"status":"passed","message":"","name":"/Users/rhishikesh/GITHUB/_SANDBOX/react-cloudhub-explorer-ui/application-source/src/features/accounts/components/AccountCard.test.tsx"},{"assertionResults":[{"ancestorTitles":["AccountManager Component"],"fullName":"AccountManager Component should not render when isOpen is false","status":"passed","title":"should not render when isOpen is false","duration":22.469167000000198,"failureMessages":[],"meta":{},"tags":[]},{"ancestorTitles":["AccountManager Component"],"fullName":"AccountManager Component should render correctly when open","status":"passed","title":"should render correctly when open","duration":88.5967499999997,"failureMessages":[],"meta":{},"tags":[]},{"ancestorTitles":["AccountManager Component"],"fullName":"AccountManager Component should show empty state when no accounts exist","status":"passed","title":"should show empty state when no accounts exist","duration":13.206250000000182,"failureMessages":[],"meta":{},"tags":[]},{"ancestorTitles":["AccountManager Component"],"fullName":"AccountManager Component should show loading state when fetching accounts","status":"passed","title":"should show loading state when fetching accounts","duration":10.518208000000413,"failureMessages":[],"meta":{},"tags":[]},{"ancestorTitles":["AccountManager Component"],"fullName":"AccountManager Component should render account cards when accounts exist","status":"passed","title":"should render account cards when accounts exist","duration":21.045917000000372,"failureMessages":[],"meta":{},"tags":[]},{"ancestorTitles":["AccountManager Component"],"fullName":"AccountManager Component should call handleAddGDrive when clicking Google Drive link","status":"passed","title":"should call handleAddGDrive when clicking Google Drive link","duration":14.774124999999913,"failureMessages":[],"meta":{},"tags":[]},{"ancestorTitles":["AccountManager Component"],"fullName":"AccountManager Component should toggle MEGA form when clicking Link MEGA Cloud","status":"passed","title":"should toggle MEGA form when clicking Link MEGA Cloud","duration":8.213167000000794,"failureMessages":[],"meta":{},"tags":[]},{"ancestorTitles":["AccountManager Component"],"fullName":"AccountManager Component should show MEGA form when isAddingMega is true","status":"failed","title":"should show MEGA form when isAddingMega is true","duration":19.830709000000752,"failureMessages":["Error: Element type is invalid: expected a string (for built-in components) or a class/function (for composite components) but got: undefined. You likely forgot to export your component from the file it's defined in, or you might have mixed up default and named imports.\n\nCheck the render method of `MegaAddForm`.\n    at createFiberFromTypeAndProps (/Users/rhishikesh/GITHUB/_SANDBOX/react-cloudhub-explorer-ui/application-source/node_modules/react-dom/cjs/react-dom-client.development.js:5021:28)\n    at createFiberFromElement (/Users/rhishikesh/GITHUB/_SANDBOX/react-cloudhub-explorer-ui/application-source/node_modules/react-dom/cjs/react-dom-client.development.js:5035:14)\n    at reconcileChildFibersImpl (/Users/rhishikesh/GITHUB/_SANDBOX/react-cloudhub-explorer-ui/application-source/node_modules/react-dom/cjs/react-dom-client.development.js:6920:31)\n    at /Users/rhishikesh/GITHUB/_SANDBOX/react-cloudhub-explorer-ui/application-source/node_modules/react-dom/cjs/react-dom-client.development.js:7098:33\n    at reconcileChildren (/Users/rhishikesh/GITHUB/_SANDBOX/react-cloudhub-explorer-ui/application-source/node_modules/react-dom/cjs/react-dom-client.development.js:9701:13)\n    at updateFunctionComponent (/Users/rhishikesh/GITHUB/_SANDBOX/react-cloudhub-explorer-ui/application-source/node_modules/react-dom/cjs/react-dom-client.development.js:10182:7)\n    at beginWork (/Users/rhishikesh/GITHUB/_SANDBOX/react-cloudhub-explorer-ui/application-source/node_modules/react-dom/cjs/react-dom-client.development.js:11778:18)\n    at runWithFiberInDEV (/Users/rhishikesh/GITHUB/_SANDBOX/react-cloudhub-explorer-ui/application-source/node_modules/react-dom/cjs/react-dom-client.development.js:874:13)\n    at performUnitOfWork (/Users/rhishikesh/GITHUB/_SANDBOX/react-cloudhub-explorer-ui/application-source/node_modules/react-dom/cjs/react-dom-client.development.js:17641:22)\n    at workLoopSync (/Users/rhishikesh/GITHUB/_SANDBOX/react-cloudhub-explorer-ui/application-source/node_modules/react-dom/cjs/react-dom-client.development.js:17469:41)"],"meta":{},"tags":[]}],"startTime":1776786453303,"endTime":1776786453501.8308,"status":"failed","message":"","name":"/Users/rhishikesh/GITHUB/_SANDBOX/react-cloudhub-explorer-ui/application-source/src/features/accounts/components/AccountManager.test.tsx"},{"assertionResults":[{"ancestorTitles":["MegaAddForm Component"],"fullName":"MegaAddForm Component renders correctly and handles input changes","status":"failed","title":"renders correctly and handles input changes","duration":212.66704200000004,"failureMessages":["Error: Element type is invalid: expected a string (for built-in components) or a class/function (for composite components) but got: undefined. You likely forgot to export your component from the file it's defined in, or you might have mixed up default and named imports.\n\nCheck the render method of `MegaAddForm`.\n    at createFiberFromTypeAndProps (/Users/rhishikesh/GITHUB/_SANDBOX/react-cloudhub-explorer-ui/application-source/node_modules/react-dom/cjs/react-dom-client.development.js:5021:28)\n    at createFiberFromElement (/Users/rhishikesh/GITHUB/_SANDBOX/react-cloudhub-explorer-ui/application-source/node_modules/react-dom/cjs/react-dom-client.development.js:5035:14)\n    at reconcileChildFibersImpl (/Users/rhishikesh/GITHUB/_SANDBOX/react-cloudhub-explorer-ui/application-source/node_modules/react-dom/cjs/react-dom-client.development.js:6920:31)\n    at /Users/rhishikesh/GITHUB/_SANDBOX/react-cloudhub-explorer-ui/application-source/node_modules/react-dom/cjs/react-dom-client.development.js:7098:33\n    at reconcileChildren (/Users/rhishikesh/GITHUB/_SANDBOX/react-cloudhub-explorer-ui/application-source/node_modules/react-dom/cjs/react-dom-client.development.js:9701:13)\n    at updateFunctionComponent (/Users/rhishikesh/GITHUB/_SANDBOX/react-cloudhub-explorer-ui/application-source/node_modules/react-dom/cjs/react-dom-client.development.js:10182:7)\n    at beginWork (/Users/rhishikesh/GITHUB/_SANDBOX/react-cloudhub-explorer-ui/application-source/node_modules/react-dom/cjs/react-dom-client.development.js:11778:18)\n    at runWithFiberInDEV (/Users/rhishikesh/GITHUB/_SANDBOX/react-cloudhub-explorer-ui/application-source/node_modules/react-dom/cjs/react-dom-client.development.js:874:13)\n    at performUnitOfWork (/Users/rhishikesh/GITHUB/_SANDBOX/react-cloudhub-explorer-ui/application-source/node_modules/react-dom/cjs/react-dom-client.development.js:17641:22)\n    at workLoopSync (/Users/rhishikesh/GITHUB/_SANDBOX/react-cloudhub-explorer-ui/application-source/node_modules/react-dom/cjs/react-dom-client.development.js:17469:41)"],"meta":{},"tags":[]},{"ancestorTitles":["MegaAddForm Component"],"fullName":"MegaAddForm Component triggers onSubmit when form is submitted","status":"failed","title":"triggers onSubmit when form is submitted","duration":1.9539169999998194,"failureMessages":["Error: Element type is invalid: expected a string (for built-in components) or a class/function (for composite components) but got: undefined. You likely forgot to export your component from the file it's defined in, or you might have mixed up default and named imports.\n\nCheck the render method of `MegaAddForm`.\n    at createFiberFromTypeAndProps (/Users/rhishikesh/GITHUB/_SANDBOX/react-cloudhub-explorer-ui/application-source/node_modules/react-dom/cjs/react-dom-client.development.js:5021:28)\n    at createFiberFromElement (/Users/rhishikesh/GITHUB/_SANDBOX/react-cloudhub-explorer-ui/application-source/node_modules/react-dom/cjs/react-dom-client.development.js:5035:14)\n    at reconcileChildFibersImpl (/Users/rhishikesh/GITHUB/_SANDBOX/react-cloudhub-explorer-ui/application-source/node_modules/react-dom/cjs/react-dom-client.development.js:6920:31)\n    at /Users/rhishikesh/GITHUB/_SANDBOX/react-cloudhub-explorer-ui/application-source/node_modules/react-dom/cjs/react-dom-client.development.js:7098:33\n    at reconcileChildren (/Users/rhishikesh/GITHUB/_SANDBOX/react-cloudhub-explorer-ui/application-source/node_modules/react-dom/cjs/react-dom-client.development.js:9701:13)\n    at updateFunctionComponent (/Users/rhishikesh/GITHUB/_SANDBOX/react-cloudhub-explorer-ui/application-source/node_modules/react-dom/cjs/react-dom-client.development.js:10182:7)\n    at beginWork (/Users/rhishikesh/GITHUB/_SANDBOX/react-cloudhub-explorer-ui/application-source/node_modules/react-dom/cjs/react-dom-client.development.js:11778:18)\n    at runWithFiberInDEV (/Users/rhishikesh/GITHUB/_SANDBOX/react-cloudhub-explorer-ui/application-source/node_modules/react-dom/cjs/react-dom-client.development.js:874:13)\n    at performUnitOfWork (/Users/rhishikesh/GITHUB/_SANDBOX/react-cloudhub-explorer-ui/application-source/node_modules/react-dom/cjs/react-dom-client.development.js:17641:22)\n    at workLoopSync (/Users/rhishikesh/GITHUB/_SANDBOX/react-cloudhub-explorer-ui/application-source/node_modules/react-dom/cjs/react-dom-client.development.js:17469:41)"],"meta":{},"tags":[]},{"ancestorTitles":["MegaAddForm Component"],"fullName":"MegaAddForm Component shows loading state when isSubmitting is true","status":"failed","title":"shows loading state when isSubmitting is true","duration":1.5472499999996217,"failureMessages":["Error: Element type is invalid: expected a string (for built-in components) or a class/function (for composite components) but got: undefined. You likely forgot to export your component from the file it's defined in, or you might have mixed up default and named imports.\n\nCheck the render method of `MegaAddForm`.\n    at createFiberFromTypeAndProps (/Users/rhishikesh/GITHUB/_SANDBOX/react-cloudhub-explorer-ui/application-source/node_modules/react-dom/cjs/react-dom-client.development.js:5021:28)\n    at createFiberFromElement (/Users/rhishikesh/GITHUB/_SANDBOX/react-cloudhub-explorer-ui/application-source/node_modules/react-dom/cjs/react-dom-client.development.js:5035:14)\n    at reconcileChildFibersImpl (/Users/rhishikesh/GITHUB/_SANDBOX/react-cloudhub-explorer-ui/application-source/node_modules/react-dom/cjs/react-dom-client.development.js:6920:31)\n    at /Users/rhishikesh/GITHUB/_SANDBOX/react-cloudhub-explorer-ui/application-source/node_modules/react-dom/cjs/react-dom-client.development.js:7098:33\n    at reconcileChildren (/Users/rhishikesh/GITHUB/_SANDBOX/react-cloudhub-explorer-ui/application-source/node_modules/react-dom/cjs/react-dom-client.development.js:9701:13)\n    at updateFunctionComponent (/Users/rhishikesh/GITHUB/_SANDBOX/react-cloudhub-explorer-ui/application-source/node_modules/react-dom/cjs/react-dom-client.development.js:10182:7)\n    at beginWork (/Users/rhishikesh/GITHUB/_SANDBOX/react-cloudhub-explorer-ui/application-source/node_modules/react-dom/cjs/react-dom-client.development.js:11778:18)\n    at runWithFiberInDEV (/Users/rhishikesh/GITHUB/_SANDBOX/react-cloudhub-explorer-ui/application-source/node_modules/react-dom/cjs/react-dom-client.development.js:874:13)\n    at performUnitOfWork (/Users/rhishikesh/GITHUB/_SANDBOX/react-cloudhub-explorer-ui/application-source/node_modules/react-dom/cjs/react-dom-client.development.js:17641:22)\n    at workLoopSync (/Users/rhishikesh/GITHUB/_SANDBOX/react-cloudhub-explorer-ui/application-source/node_modules/react-dom/cjs/react-dom-client.development.js:17469:41)"],"meta":{},"tags":[]},{"ancestorTitles":["MegaAddForm Component"],"fullName":"MegaAddForm Component displays error message when provided","status":"failed","title":"displays error message when provided","duration":54.657040999999936,"failureMessages":["Error: Element type is invalid: expected a string (for built-in components) or a class/function (for composite components) but got: undefined. You likely forgot to export your component from the file it's defined in, or you might have mixed up default and named imports.\n\nCheck the render method of `MegaAddForm`.\n    at createFiberFromTypeAndProps (/Users/rhishikesh/GITHUB/_SANDBOX/react-cloudhub-explorer-ui/application-source/node_modules/react-dom/cjs/react-dom-client.development.js:5021:28)\n    at createFiberFromElement (/Users/rhishikesh/GITHUB/_SANDBOX/react-cloudhub-explorer-ui/application-source/node_modules/react-dom/cjs/react-dom-client.development.js:5035:14)\n    at reconcileChildFibersImpl (/Users/rhishikesh/GITHUB/_SANDBOX/react-cloudhub-explorer-ui/application-source/node_modules/react-dom/cjs/react-dom-client.development.js:6920:31)\n    at /Users/rhishikesh/GITHUB/_SANDBOX/react-cloudhub-explorer-ui/application-source/node_modules/react-dom/cjs/react-dom-client.development.js:7098:33\n    at reconcileChildren (/Users/rhishikesh/GITHUB/_SANDBOX/react-cloudhub-explorer-ui/application-source/node_modules/react-dom/cjs/react-dom-client.development.js:9701:13)\n    at updateFunctionComponent (/Users/rhishikesh/GITHUB/_SANDBOX/react-cloudhub-explorer-ui/application-source/node_modules/react-dom/cjs/react-dom-client.development.js:10182:7)\n    at beginWork (/Users/rhishikesh/GITHUB/_SANDBOX/react-cloudhub-explorer-ui/application-source/node_modules/react-dom/cjs/react-dom-client.development.js:11778:18)\n    at runWithFiberInDEV (/Users/rhishikesh/GITHUB/_SANDBOX/react-cloudhub-explorer-ui/application-source/node_modules/react-dom/cjs/react-dom-client.development.js:874:13)\n    at performUnitOfWork (/Users/rhishikesh/GITHUB/_SANDBOX/react-cloudhub-explorer-ui/application-source/node_modules/react-dom/cjs/react-dom-client.development.js:17641:22)\n    at workLoopSync (/Users/rhishikesh/GITHUB/_SANDBOX/react-cloudhub-explorer-ui/application-source/node_modules/react-dom/cjs/react-dom-client.development.js:17469:41)"],"meta":{},"tags":[]}],"startTime":1776786452086,"endTime":1776786452356.657,"status":"failed","message":"","name":"/Users/rhishikesh/GITHUB/_SANDBOX/react-cloudhub-explorer-ui/application-source/src/features/accounts/components/MegaAddForm.test.tsx"},{"assertionResults":[{"ancestorTitles":["Formatters Utility","formatSize"],"fullName":"Formatters Utility formatSize should format KB correctly","status":"passed","title":"should format KB correctly","duration":1.953457999999955,"failureMessages":[],"meta":{},"tags":[]},{"ancestorTitles":["Formatters Utility","formatSize"],"fullName":"Formatters Utility formatSize should format MB correctly","status":"passed","title":"should format MB correctly","duration":0.35504199999991215,"failureMessages":[],"meta":{},"tags":[]},{"ancestorTitles":["Formatters Utility","formatSize"],"fullName":"Formatters Utility formatSize should format GB correctly","status":"passed","title":"should format GB correctly","duration":0.23783400000002075,"failureMessages":[],"meta":{},"tags":[]},{"ancestorTitles":["Formatters Utility","formatSize"],"fullName":"Formatters Utility formatSize should handle zero or negative inputs","status":"passed","title":"should handle zero or negative inputs","duration":0.15383299999996325,"failureMessages":[],"meta":{},"tags":[]},{"ancestorTitles":["Formatters Utility","formatDuration"],"fullName":"Formatters Utility formatDuration should format minutes and seconds","status":"passed","title":"should format minutes and seconds","duration":0.22762499999998909,"failureMessages":[],"meta":{},"tags":[]},{"ancestorTitles":["Formatters Utility","formatDuration"],"fullName":"Formatters Utility formatDuration should format hours, minutes, and seconds","status":"passed","title":"should format hours, minutes, and seconds","duration":0.12175000000002001,"failureMessages":[],"meta":{},"tags":[]},{"ancestorTitles":["Formatters Utility","formatDuration"],"fullName":"Formatters Utility formatDuration should return empty string for zero or negative inputs","status":"passed","title":"should return empty string for zero or negative inputs","duration":0.10841600000003382,"failureMessages":[],"meta":{},"tags":[]}],"startTime":1776786460543,"endTime":1776786460546.2275,"status":"passed","message":"","name":"/Users/rhishikesh/GITHUB/_SANDBOX/react-cloudhub-explorer-ui/application-source/src/features/files/utils/formatters.test.ts"},{"assertionResults":[{"ancestorTitles":["VideoPlayer Component"],"fullName":"VideoPlayer Component renders video element with correct stream URL","status":"passed","title":"renders video element with correct stream URL","duration":92.11529199999995,"failureMessages":[],"meta":{},"tags":[]},{"ancestorTitles":["VideoPlayer Component"],"fullName":"VideoPlayer Component resumes playback from saved state","status":"passed","title":"resumes playback from saved state","duration":12.72674999999981,"failureMessages":[],"meta":{},"tags":[]},{"ancestorTitles":["VideoPlayer Component"],"fullName":"VideoPlayer Component saves progress on time update (throttled)","status":"passed","title":"saves progress on time update (throttled)","duration":10.327499999999873,"failureMessages":[],"meta":{},"tags":[]},{"ancestorTitles":["VideoPlayer Component"],"fullName":"VideoPlayer Component does nothing in useEffect if fileId is missing","status":"passed","title":"does nothing in useEffect if fileId is missing","duration":4.4633749999998145,"failureMessages":[],"meta":{},"tags":[]},{"ancestorTitles":["VideoPlayer Component"],"fullName":"VideoPlayer Component renders image correctly when fileName is an image","status":"passed","title":"renders image correctly when fileName is an image","duration":94.85570899999993,"failureMessages":[],"meta":{},"tags":[]}],"startTime":1776786456716,"endTime":1776786456930.8557,"status":"passed","message":"","name":"/Users/rhishikesh/GITHUB/_SANDBOX/react-cloudhub-explorer-ui/application-source/src/features/video-player/components/VideoPlayer.test.tsx"},{"assertionResults":[{"ancestorTitles":["Video Service","saveVideoProgress"],"fullName":"Video Service saveVideoProgress should call apiClient.post with correct payload","status":"passed","title":"should call apiClient.post with correct payload","duration":4.010541999999987,"failureMessages":[],"meta":{},"tags":[]},{"ancestorTitles":["Video Service","saveVideoProgress"],"fullName":"Video Service saveVideoProgress should handle API errors gracefully","status":"passed","title":"should handle API errors gracefully","duration":2.088709000000108,"failureMessages":[],"meta":{},"tags":[]},{"ancestorTitles":["Video Service","getVideoState"],"fullName":"Video Service getVideoState should return state from apiClient.get","status":"passed","title":"should return state from apiClient.get","duration":0.44012500000008004,"failureMessages":[],"meta":{},"tags":[]},{"ancestorTitles":["Video Service","getVideoState"],"fullName":"Video Service getVideoState should return default state on error","status":"passed","title":"should return default state on error","duration":0.21000000000003638,"failureMessages":[],"meta":{},"tags":[]}],"startTime":1776786460325,"endTime":1776786460332.21,"status":"passed","message":"","name":"/Users/rhishikesh/GITHUB/_SANDBOX/react-cloudhub-explorer-ui/application-source/src/features/video-player/services/videoService.test.ts"}],"coverageMap":{"/Users/rhishikesh/GITHUB/_SANDBOX/react-cloudhub-explorer-ui/application-source/src/App.tsx":{"path":"/Users/rhishikesh/GITHUB/_SANDBOX/react-cloudhub-explorer-ui/application-source/src/App.tsx","statementMap":{"0":{"start":{"line":21,"column":30},"end":{"line":21,"column":49}},"1":{"start":{"line":23,"column":2},"end":{"line":24,"column":null}},"2":{"start":{"line":24,"column":4},"end":{"line":24,"column":null}},"3":{"start":{"line":27,"column":2},"end":{"line":32,"column":null}}},"fnMap":{"0":{"name":"App","decl":{"start":{"line":20,"column":24},"end":{"line":20,"column":30}},"loc":{"start":{"line":20,"column":30},"end":{"line":32,"column":null}},"line":20}},"branchMap":{"0":{"loc":{"start":{"line":23,"column":2},"end":{"line":24,"column":null}},"type":"if","locations":[{"start":{"line":23,"column":2},"end":{"line":24,"column":null}},{"start":{},"end":{}}],"line":23}},"s":{"0":2,"1":2,"2":1,"3":1},"f":{"0":2},"b":{"0":[1,1]},"meta":{"lastBranch":1,"lastFunction":1,"lastStatement":4,"seen":{"f:20:24:20:30":0,"s:21:30:21:49":0,"b:23:2:24:Infinity:undefined:undefined:undefined:undefined":0,"s:23:2:24:Infinity":1,"s:24:4:24:Infinity":2,"s:27:2:32:Infinity":3}}},"/Users/rhishikesh/GITHUB/_SANDBOX/react-cloudhub-explorer-ui/application-source/src/features/accounts/components/AccountCard.tsx":{"path":"/Users/rhishikesh/GITHUB/_SANDBOX/react-cloudhub-explorer-ui/application-source/src/features/accounts/components/AccountCard.tsx","statementMap":{"0":{"start":{"line":31,"column":13},"end":{"line":82,"column":null}},"1":{"start":{"line":36,"column":26},"end":{"line":36,"column":null}},"2":{"start":{"line":38,"column":2},"end":{"line":82,"column":null}},"3":{"start":{"line":78,"column":25},"end":{"line":78,"column":49}}},"fnMap":{"0":{"name":"(anonymous_0)","decl":{"start":{"line":31,"column":13},"end":{"line":31,"column":56}},"loc":{"start":{"line":35,"column":6},"end":{"line":82,"column":null}},"line":35},"1":{"name":"(anonymous_1)","decl":{"start":{"line":78,"column":10},"end":{"line":78,"column":25}},"loc":{"start":{"line":78,"column":25},"end":{"line":78,"column":49}},"line":78}},"branchMap":{"0":{"loc":{"start":{"line":36,"column":26},"end":{"line":36,"column":null}},"type":"binary-expr","locations":[{"start":{"line":36,"column":26},"end":{"line":36,"column":90}},{"start":{"line":36,"column":94},"end":{"line":36,"column":null}}],"line":36},"1":{"loc":{"start":{"line":41,"column":47},"end":{"line":41,"column":null}},"type":"cond-expr","locations":[{"start":{"line":41,"column":68},"end":{"line":41,"column":81}},{"start":{"line":41,"column":81},"end":{"line":41,"column":null}}],"line":41},"2":{"loc":{"start":{"line":46,"column":13},"end":{"line":46,"column":null}},"type":"cond-expr","locations":[{"start":{"line":46,"column":45},"end":{"line":46,"column":76}},{"start":{"line":46,"column":75},"end":{"line":46,"column":null}}],"line":46},"3":{"loc":{"start":{"line":51,"column":15},"end":{"line":51,"column":null}},"type":"cond-expr","locations":[{"start":{"line":51,"column":47},"end":{"line":51,"column":64}},{"start":{"line":51,"column":64},"end":{"line":51,"column":null}}],"line":51},"4":{"loc":{"start":{"line":55,"column":40},"end":{"line":55,"column":null}},"type":"cond-expr","locations":[{"start":{"line":55,"column":60},"end":{"line":55,"column":71}},{"start":{"line":55,"column":71},"end":{"line":55,"column":null}}],"line":55},"5":{"loc":{"start":{"line":56,"column":11},"end":{"line":57,"column":19}},"type":"cond-expr","locations":[{"start":{"line":56,"column":31},"end":{"line":56,"column":61}},{"start":{"line":56,"column":60},"end":{"line":57,"column":19}}],"line":56},"6":{"loc":{"start":{"line":57,"column":11},"end":{"line":57,"column":null}},"type":"cond-expr","locations":[{"start":{"line":57,"column":31},"end":{"line":57,"column":42}},{"start":{"line":57,"column":42},"end":{"line":57,"column":null}}],"line":57}},"s":{"0":5,"1":5,"2":5,"3":1},"f":{"0":5,"1":1},"b":{"0":[5,1],"1":[2,3],"2":[4,1],"3":[4,1],"4":[3,2],"5":[3,2],"6":[3,2]},"meta":{"lastBranch":7,"lastFunction":2,"lastStatement":4,"seen":{"s:31:13:82:Infinity":0,"f:31:13:31:56":0,"s:36:26:36:Infinity":1,"b:36:26:36:90:36:94:36:Infinity":0,"s:38:2:82:Infinity":2,"b:41:68:41:81:41:81:41:Infinity":1,"b:46:45:46:76:46:75:46:Infinity":2,"b:51:47:51:64:51:64:51:Infinity":3,"b:55:60:55:71:55:71:55:Infinity":4,"b:56:31:56:61:56:60:57:19":5,"b:57:31:57:42:57:42:57:Infinity":6,"f:78:10:78:25":1,"s:78:25:78:49":3}}},"/Users/rhishikesh/GITHUB/_SANDBOX/react-cloudhub-explorer-ui/application-source/src/features/accounts/hooks/useAccountManager.ts":{"path":"/Users/rhishikesh/GITHUB/_SANDBOX/react-cloudhub-explorer-ui/application-source/src/features/accounts/hooks/useAccountManager.ts","statementMap":{"0":{"start":{"line":19,"column":13},"end":{"line":101,"column":null}},"1":{"start":{"line":20,"column":65},"end":{"line":20,"column":92}},"2":{"start":{"line":21,"column":23},"end":{"line":21,"column":57}},"3":{"start":{"line":22,"column":20},"end":{"line":22,"column":48}},"4":{"start":{"line":23,"column":23},"end":{"line":23,"column":54}},"5":{"start":{"line":24,"column":23},"end":{"line":24,"column":57}},"6":{"start":{"line":25,"column":16},"end":{"line":25,"column":57}},"7":{"start":{"line":28,"column":8},"end":{"line":34,"column":8}},"8":{"start":{"line":29,"column":4},"end":{"line":29,"column":null}},"9":{"start":{"line":29,"column":21},"end":{"line":29,"column":null}},"10":{"start":{"line":30,"column":14},"end":{"line":30,"column":null}},"11":{"start":{"line":31,"column":18},"end":{"line":31,"column":null}},"12":{"start":{"line":32,"column":14},"end":{"line":32,"column":55}},"13":{"start":{"line":33,"column":4},"end":{"line":33,"column":null}},"14":{"start":{"line":37,"column":2},"end":{"line":47,"column":null}},"15":{"start":{"line":38,"column":10},"end":{"line":41,"column":null}},"16":{"start":{"line":39,"column":6},"end":{"line":41,"column":null}},"17":{"start":{"line":40,"column":8},"end":{"line":40,"column":null}},"18":{"start":{"line":41,"column":8},"end":{"line":41,"column":null}},"19":{"start":{"line":45,"column":4},"end":{"line":45,"column":null}},"20":{"start":{"line":46,"column":4},"end":{"line":46,"column":null}},"21":{"start":{"line":46,"column":17},"end":{"line":46,"column":69}},"22":{"start":{"line":50,"column":26},"end":{"line":56,"column":null}},"23":{"start":{"line":51,"column":4},"end":{"line":56,"column":null}},"24":{"start":{"line":52,"column":23},"end":{"line":52,"column":90}},"25":{"start":{"line":53,"column":6},"end":{"line":53,"column":null}},"26":{"start":{"line":55,"column":6},"end":{"line":55,"column":null}},"27":{"start":{"line":56,"column":6},"end":{"line":56,"column":null}},"28":{"start":{"line":61,"column":24},"end":{"line":78,"column":null}},"29":{"start":{"line":62,"column":4},"end":{"line":62,"column":null}},"30":{"start":{"line":63,"column":4},"end":{"line":63,"column":null}},"31":{"start":{"line":64,"column":4},"end":{"line":64,"column":null}},"32":{"start":{"line":65,"column":4},"end":{"line":78,"column":null}},"33":{"start":{"line":66,"column":6},"end":{"line":70,"column":null}},"34":{"start":{"line":71,"column":6},"end":{"line":71,"column":null}},"35":{"start":{"line":72,"column":6},"end":{"line":72,"column":null}},"36":{"start":{"line":73,"column":6},"end":{"line":73,"column":null}},"37":{"start":{"line":74,"column":6},"end":{"line":74,"column":null}},"38":{"start":{"line":76,"column":6},"end":{"line":76,"column":null}},"39":{"start":{"line":78,"column":6},"end":{"line":78,"column":null}},"40":{"start":{"line":83,"column":8},"end":{"line":83,"column":61}},"41":{"start":{"line":83,"column":31},"end":{"line":83,"column":61}},"42":{"start":{"line":83,"column":55},"end":{"line":83,"column":61}},"43":{"start":{"line":85,"column":2},"end":{"line":101,"column":null}}},"fnMap":{"0":{"name":"(anonymous_0)","decl":{"start":{"line":19,"column":13},"end":{"line":19,"column":39}},"loc":{"start":{"line":19,"column":39},"end":{"line":101,"column":null}},"line":19},"1":{"name":"(anonymous_1)","decl":{"start":{"line":28,"column":22},"end":{"line":28,"column":35}},"loc":{"start":{"line":28,"column":53},"end":{"line":34,"column":7}},"line":28},"2":{"name":"(anonymous_2)","decl":{"start":{"line":37,"column":2},"end":{"line":37,"column":18}},"loc":{"start":{"line":37,"column":18},"end":{"line":47,"column":6}},"line":37},"3":{"name":"(anonymous_3)","decl":{"start":{"line":38,"column":10},"end":{"line":38,"column":27}},"loc":{"start":{"line":38,"column":51},"end":{"line":41,"column":null}},"line":38},"4":{"name":"(anonymous_4)","decl":{"start":{"line":46,"column":4},"end":{"line":46,"column":17}},"loc":{"start":{"line":46,"column":17},"end":{"line":46,"column":69}},"line":46},"5":{"name":"(anonymous_5)","decl":{"start":{"line":50,"column":26},"end":{"line":50,"column":38}},"loc":{"start":{"line":50,"column":38},"end":{"line":56,"column":null}},"line":50},"6":{"name":"(anonymous_6)","decl":{"start":{"line":61,"column":24},"end":{"line":61,"column":31}},"loc":{"start":{"line":61,"column":54},"end":{"line":78,"column":null}},"line":61},"7":{"name":"(anonymous_7)","decl":{"start":{"line":83,"column":8},"end":{"line":83,"column":31}},"loc":{"start":{"line":83,"column":31},"end":{"line":83,"column":61}},"line":83},"8":{"name":"(anonymous_8)","decl":{"start":{"line":83,"column":31},"end":{"line":83,"column":47}},"loc":{"start":{"line":83,"column":55},"end":{"line":83,"column":61}},"line":83}},"branchMap":{"0":{"loc":{"start":{"line":29,"column":4},"end":{"line":29,"column":null}},"type":"if","locations":[{"start":{"line":29,"column":4},"end":{"line":29,"column":null}},{"start":{},"end":{}}],"line":29},"1":{"loc":{"start":{"line":39,"column":6},"end":{"line":41,"column":null}},"type":"if","locations":[{"start":{"line":39,"column":6},"end":{"line":41,"column":null}},{"start":{},"end":{}}],"line":39}},"s":{"0":4,"1":18,"2":18,"3":18,"4":18,"5":18,"6":18,"7":18,"8":4,"9":1,"10":3,"11":3,"12":3,"13":3,"14":18,"15":7,"16":1,"17":1,"18":1,"19":7,"20":7,"21":7,"22":18,"23":2,"24":2,"25":1,"26":1,"27":1,"28":18,"29":2,"30":2,"31":2,"32":2,"33":2,"34":1,"35":1,"36":1,"37":1,"38":1,"39":2,"40":18,"41":1,"42":1,"43":18},"f":{"0":18,"1":4,"2":7,"3":1,"4":7,"5":2,"6":2,"7":1,"8":1},"b":{"0":[1,3],"1":[1,0]},"meta":{"lastBranch":2,"lastFunction":9,"lastStatement":44,"seen":{"s:19:13:101:Infinity":0,"f:19:13:19:39":0,"s:20:65:20:92":1,"s:21:23:21:57":2,"s:22:20:22:48":3,"s:23:23:23:54":4,"s:24:23:24:57":5,"s:25:16:25:57":6,"s:28:8:34:8":7,"f:28:22:28:35":1,"b:29:4:29:Infinity:undefined:undefined:undefined:undefined":0,"s:29:4:29:Infinity":8,"s:29:21:29:Infinity":9,"s:30:14:30:Infinity":10,"s:31:18:31:Infinity":11,"s:32:14:32:55":12,"s:33:4:33:Infinity":13,"s:37:2:47:Infinity":14,"f:37:2:37:18":2,"s:38:10:41:Infinity":15,"f:38:10:38:27":3,"b:39:6:41:Infinity:undefined:undefined:undefined:undefined":1,"s:39:6:41:Infinity":16,"s:40:8:40:Infinity":17,"s:41:8:41:Infinity":18,"s:45:4:45:Infinity":19,"s:46:4:46:Infinity":20,"f:46:4:46:17":4,"s:46:17:46:69":21,"s:50:26:56:Infinity":22,"f:50:26:50:38":5,"s:51:4:56:Infinity":23,"s:52:23:52:90":24,"s:53:6:53:Infinity":25,"s:55:6:55:Infinity":26,"s:56:6:56:Infinity":27,"s:61:24:78:Infinity":28,"f:61:24:61:31":6,"s:62:4:62:Infinity":29,"s:63:4:63:Infinity":30,"s:64:4:64:Infinity":31,"s:65:4:78:Infinity":32,"s:66:6:70:Infinity":33,"s:71:6:71:Infinity":34,"s:72:6:72:Infinity":35,"s:73:6:73:Infinity":36,"s:74:6:74:Infinity":37,"s:76:6:76:Infinity":38,"s:78:6:78:Infinity":39,"s:83:8:83:61":40,"f:83:8:83:31":7,"s:83:31:83:61":41,"f:83:31:83:47":8,"s:83:55:83:61":42,"s:85:2:101:Infinity":43}}},"/Users/rhishikesh/GITHUB/_SANDBOX/react-cloudhub-explorer-ui/application-source/src/components/Skeleton.tsx":{"path":"/Users/rhishikesh/GITHUB/_SANDBOX/react-cloudhub-explorer-ui/application-source/src/components/Skeleton.tsx","statementMap":{"0":{"start":{"line":21,"column":13},"end":{"line":35,"column":null}},"1":{"start":{"line":27,"column":4},"end":{"line":35,"column":null}},"2":{"start":{"line":39,"column":13},"end":{"line":43,"column":null}},"3":{"start":{"line":40,"column":4},"end":{"line":43,"column":null}}},"fnMap":{"0":{"name":"(anonymous_0)","decl":{"start":{"line":21,"column":13},"end":{"line":21,"column":50}},"loc":{"start":{"line":26,"column":6},"end":{"line":35,"column":null}},"line":26},"1":{"name":"(anonymous_1)","decl":{"start":{"line":39,"column":13},"end":{"line":39,"column":null}},"loc":{"start":{"line":40,"column":4},"end":{"line":43,"column":null}},"line":40}},"branchMap":{"0":{"loc":{"start":{"line":22,"column":4},"end":{"line":22,"column":null}},"type":"default-arg","locations":[{"start":{"line":22,"column":12},"end":{"line":22,"column":null}}],"line":22},"1":{"loc":{"start":{"line":23,"column":4},"end":{"line":23,"column":null}},"type":"default-arg","locations":[{"start":{"line":23,"column":13},"end":{"line":23,"column":null}}],"line":23},"2":{"loc":{"start":{"line":24,"column":4},"end":{"line":24,"column":null}},"type":"default-arg","locations":[{"start":{"line":24,"column":19},"end":{"line":24,"column":null}}],"line":24},"3":{"loc":{"start":{"line":25,"column":4},"end":{"line":25,"column":null}},"type":"default-arg","locations":[{"start":{"line":25,"column":16},"end":{"line":25,"column":null}}],"line":25}},"s":{"0":4,"1":4,"2":4,"3":1},"f":{"0":4,"1":1},"b":{"0":[4],"1":[4],"2":[4],"3":[4]},"meta":{"lastBranch":4,"lastFunction":2,"lastStatement":4,"seen":{"s:21:13:35:Infinity":0,"f:21:13:21:50":0,"b:22:12:22:Infinity":0,"b:23:13:23:Infinity":1,"b:24:19:24:Infinity":2,"b:25:16:25:Infinity":3,"s:27:4:35:Infinity":1,"s:39:13:43:Infinity":2,"f:39:13:39:Infinity":1,"s:40:4:43:Infinity":3}}},"/Users/rhishikesh/GITHUB/_SANDBOX/react-cloudhub-explorer-ui/application-source/src/features/accounts/components/AccountManager.css":{"path":"/Users/rhishikesh/GITHUB/_SANDBOX/react-cloudhub-explorer-ui/application-source/src/features/accounts/components/AccountManager.css","statementMap":{},"fnMap":{},"branchMap":{},"s":{},"f":{},"b":{},"meta":{"lastBranch":0,"lastFunction":0,"lastStatement":0,"seen":{}}},"/Users/rhishikesh/GITHUB/_SANDBOX/react-cloudhub-explorer-ui/application-source/src/context/AuthContext.types.ts":{"path":"/Users/rhishikesh/GITHUB/_SANDBOX/react-cloudhub-explorer-ui/application-source/src/context/AuthContext.types.ts","statementMap":{"0":{"start":{"line":22,"column":13},"end":{"line":22,"column":80}}},"fnMap":{},"branchMap":{},"s":{"0":4},"f":{},"b":{},"meta":{"lastBranch":0,"lastFunction":0,"lastStatement":1,"seen":{"s:22:13:22:80":0}}},"/Users/rhishikesh/GITHUB/_SANDBOX/react-cloudhub-explorer-ui/application-source/src/context/AuthContext.tsx":{"path":"/Users/rhishikesh/GITHUB/_SANDBOX/react-cloudhub-explorer-ui/application-source/src/context/AuthContext.tsx","statementMap":{"0":{"start":{"line":22,"column":13},"end":{"line":84,"column":null}},"1":{"start":{"line":23,"column":21},"end":{"line":25,"column":null}},"2":{"start":{"line":24,"column":4},"end":{"line":24,"column":null}},"3":{"start":{"line":26,"column":16},"end":{"line":26,"column":57}},"4":{"start":{"line":27,"column":28},"end":{"line":27,"column":75}},"5":{"start":{"line":28,"column":28},"end":{"line":28,"column":67}},"6":{"start":{"line":30,"column":28},"end":{"line":30,"column":null}},"7":{"start":{"line":32,"column":8},"end":{"line":43,"column":18}},"8":{"start":{"line":33,"column":4},"end":{"line":33,"column":null}},"9":{"start":{"line":33,"column":21},"end":{"line":33,"column":null}},"10":{"start":{"line":34,"column":4},"end":{"line":34,"column":null}},"11":{"start":{"line":35,"column":4},"end":{"line":41,"column":null}},"12":{"start":{"line":36,"column":23},"end":{"line":36,"column":67}},"13":{"start":{"line":37,"column":6},"end":{"line":37,"column":null}},"14":{"start":{"line":39,"column":6},"end":{"line":39,"column":null}},"15":{"start":{"line":41,"column":6},"end":{"line":41,"column":null}},"16":{"start":{"line":45,"column":24},"end":{"line":51,"column":null}},"17":{"start":{"line":46,"column":4},"end":{"line":51,"column":null}},"18":{"start":{"line":47,"column":6},"end":{"line":47,"column":null}},"19":{"start":{"line":48,"column":6},"end":{"line":48,"column":null}},"20":{"start":{"line":50,"column":6},"end":{"line":50,"column":null}},"21":{"start":{"line":51,"column":6},"end":{"line":51,"column":null}},"22":{"start":{"line":55,"column":2},"end":{"line":59,"column":null}},"23":{"start":{"line":56,"column":4},"end":{"line":57,"column":null}},"24":{"start":{"line":57,"column":6},"end":{"line":57,"column":null}},"25":{"start":{"line":61,"column":8},"end":{"line":69,"column":null}},"26":{"start":{"line":62,"column":4},"end":{"line":69,"column":null}},"27":{"start":{"line":63,"column":6},"end":{"line":63,"column":null}},"28":{"start":{"line":64,"column":6},"end":{"line":64,"column":null}},"29":{"start":{"line":65,"column":6},"end":{"line":65,"column":null}},"30":{"start":{"line":66,"column":6},"end":{"line":66,"column":null}},"31":{"start":{"line":68,"column":6},"end":{"line":68,"column":null}},"32":{"start":{"line":69,"column":6},"end":{"line":69,"column":null}},"33":{"start":{"line":73,"column":2},"end":{"line":84,"column":null}}},"fnMap":{"0":{"name":"(anonymous_0)","decl":{"start":{"line":22,"column":13},"end":{"line":22,"column":70}},"loc":{"start":{"line":22,"column":87},"end":{"line":84,"column":null}},"line":22},"1":{"name":"(anonymous_1)","decl":{"start":{"line":23,"column":38},"end":{"line":23,"column":53}},"loc":{"start":{"line":23,"column":53},"end":{"line":25,"column":null}},"line":23},"2":{"name":"(anonymous_2)","decl":{"start":{"line":32,"column":38},"end":{"line":32,"column":50}},"loc":{"start":{"line":32,"column":50},"end":{"line":43,"column":6}},"line":32},"3":{"name":"(anonymous_3)","decl":{"start":{"line":45,"column":24},"end":{"line":45,"column":31}},"loc":{"start":{"line":45,"column":46},"end":{"line":51,"column":null}},"line":45},"4":{"name":"(anonymous_4)","decl":{"start":{"line":55,"column":2},"end":{"line":55,"column":18}},"loc":{"start":{"line":55,"column":18},"end":{"line":59,"column":6}},"line":55},"5":{"name":"(anonymous_5)","decl":{"start":{"line":61,"column":8},"end":{"line":61,"column":18}},"loc":{"start":{"line":61,"column":39},"end":{"line":69,"column":null}},"line":61}},"branchMap":{"0":{"loc":{"start":{"line":33,"column":4},"end":{"line":33,"column":null}},"type":"if","locations":[{"start":{"line":33,"column":4},"end":{"line":33,"column":null}},{"start":{},"end":{}}],"line":33},"1":{"loc":{"start":{"line":56,"column":4},"end":{"line":57,"column":null}},"type":"if","locations":[{"start":{"line":56,"column":4},"end":{"line":57,"column":null}},{"start":{},"end":{}}],"line":56},"2":{"loc":{"start":{"line":62,"column":4},"end":{"line":69,"column":null}},"type":"if","locations":[{"start":{"line":62,"column":4},"end":{"line":69,"column":null}},{"start":{"line":67,"column":11},"end":{"line":69,"column":null}}],"line":62}},"s":{"0":4,"1":24,"2":8,"3":24,"4":24,"5":24,"6":24,"7":24,"8":6,"9":0,"10":6,"11":6,"12":6,"13":4,"14":2,"15":6,"16":24,"17":2,"18":2,"19":1,"20":1,"21":1,"22":24,"23":13,"24":5,"25":24,"26":6,"27":5,"28":5,"29":5,"30":5,"31":1,"32":1,"33":24},"f":{"0":24,"1":8,"2":6,"3":2,"4":13,"5":6},"b":{"0":[0,6],"1":[5,8],"2":[5,1]},"meta":{"lastBranch":3,"lastFunction":6,"lastStatement":34,"seen":{"s:22:13:84:Infinity":0,"f:22:13:22:70":0,"s:23:21:25:Infinity":1,"f:23:38:23:53":1,"s:24:4:24:Infinity":2,"s:26:16:26:57":3,"s:27:28:27:75":4,"s:28:28:28:67":5,"s:30:28:30:Infinity":6,"s:32:8:43:18":7,"f:32:38:32:50":2,"b:33:4:33:Infinity:undefined:undefined:undefined:undefined":0,"s:33:4:33:Infinity":8,"s:33:21:33:Infinity":9,"s:34:4:34:Infinity":10,"s:35:4:41:Infinity":11,"s:36:23:36:67":12,"s:37:6:37:Infinity":13,"s:39:6:39:Infinity":14,"s:41:6:41:Infinity":15,"s:45:24:51:Infinity":16,"f:45:24:45:31":3,"s:46:4:51:Infinity":17,"s:47:6:47:Infinity":18,"s:48:6:48:Infinity":19,"s:50:6:50:Infinity":20,"s:51:6:51:Infinity":21,"s:55:2:59:Infinity":22,"f:55:2:55:18":4,"b:56:4:57:Infinity:undefined:undefined:undefined:undefined":1,"s:56:4:57:Infinity":23,"s:57:6:57:Infinity":24,"s:61:8:69:Infinity":25,"f:61:8:61:18":5,"b:62:4:69:Infinity:67:11:69:Infinity":2,"s:62:4:69:Infinity":26,"s:63:6:63:Infinity":27,"s:64:6:64:Infinity":28,"s:65:6:65:Infinity":29,"s:66:6:66:Infinity":30,"s:68:6:68:Infinity":31,"s:69:6:69:Infinity":32,"s:73:2:84:Infinity":33}}},"/Users/rhishikesh/GITHUB/_SANDBOX/react-cloudhub-explorer-ui/application-source/src/features/auth/PasscodeOverlay.module.css":{"path":"/Users/rhishikesh/GITHUB/_SANDBOX/react-cloudhub-explorer-ui/application-source/src/features/auth/PasscodeOverlay.module.css","statementMap":{},"fnMap":{},"branchMap":{},"s":{},"f":{},"b":{},"meta":{"lastBranch":0,"lastFunction":0,"lastStatement":0,"seen":{}}},"/Users/rhishikesh/GITHUB/_SANDBOX/react-cloudhub-explorer-ui/application-source/src/features/accounts/components/MegaAddForm.tsx":{"path":"/Users/rhishikesh/GITHUB/_SANDBOX/react-cloudhub-explorer-ui/application-source/src/features/accounts/components/MegaAddForm.tsx","statementMap":{"0":{"start":{"line":28,"column":13},"end":{"line":67,"column":null}},"1":{"start":{"line":37,"column":2},"end":{"line":67,"column":null}},"2":{"start":{"line":51,"column":27},"end":{"line":51,"column":51}},"3":{"start":{"line":61,"column":27},"end":{"line":61,"column":54}}},"fnMap":{"0":{"name":"(anonymous_0)","decl":{"start":{"line":28,"column":13},"end":{"line":28,"column":56}},"loc":{"start":{"line":36,"column":6},"end":{"line":67,"column":null}},"line":36},"1":{"name":"(anonymous_1)","decl":{"start":{"line":51,"column":10},"end":{"line":51,"column":21}},"loc":{"start":{"line":51,"column":27},"end":{"line":51,"column":51}},"line":51},"2":{"name":"(anonymous_2)","decl":{"start":{"line":61,"column":10},"end":{"line":61,"column":21}},"loc":{"start":{"line":61,"column":27},"end":{"line":61,"column":54}},"line":61}},"branchMap":{"0":{"loc":{"start":{"line":65,"column":7},"end":{"line":65,"column":null}},"type":"binary-expr","locations":[{"start":{"line":65,"column":7},"end":{"line":65,"column":16}},{"start":{"line":65,"column":16},"end":{"line":65,"column":null}}],"line":65},"1":{"loc":{"start":{"line":67,"column":9},"end":{"line":67,"column":null}},"type":"cond-expr","locations":[{"start":{"line":67,"column":24},"end":{"line":67,"column":66}},{"start":{"line":67,"column":65},"end":{"line":67,"column":null}}],"line":67}},"s":{"0":5,"1":12,"2":0,"3":0},"f":{"0":12,"1":0,"2":0},"b":{"0":[12,2],"1":[2,8]},"meta":{"lastBranch":2,"lastFunction":3,"lastStatement":4,"seen":{"s:28:13:67:Infinity":0,"f:28:13:28:56":0,"s:37:2:67:Infinity":1,"f:51:10:51:21":1,"s:51:27:51:51":2,"f:61:10:61:21":2,"s:61:27:61:54":3,"b:65:7:65:16:65:16:65:Infinity":0,"b:67:24:67:66:67:65:67:Infinity":1}}},"/Users/rhishikesh/GITHUB/_SANDBOX/react-cloudhub-explorer-ui/application-source/src/features/accounts/components/AccountManager.tsx":{"path":"/Users/rhishikesh/GITHUB/_SANDBOX/react-cloudhub-explorer-ui/application-source/src/features/accounts/components/AccountManager.tsx","statementMap":{"0":{"start":{"line":35,"column":13},"end":{"line":164,"column":null}},"1":{"start":{"line":51,"column":4},"end":{"line":52,"column":25}},"2":{"start":{"line":54,"column":2},"end":{"line":54,"column":null}},"3":{"start":{"line":54,"column":15},"end":{"line":54,"column":null}},"4":{"start":{"line":56,"column":2},"end":{"line":164,"column":null}},"5":{"start":{"line":106,"column":18},"end":{"line":111,"column":null}}},"fnMap":{"0":{"name":"(anonymous_0)","decl":{"start":{"line":35,"column":13},"end":{"line":35,"column":62}},"loc":{"start":{"line":35,"column":86},"end":{"line":164,"column":null}},"line":35},"1":{"name":"(anonymous_1)","decl":{"start":{"line":105,"column":35},"end":{"line":105,"column":40}},"loc":{"start":{"line":106,"column":18},"end":{"line":111,"column":null}},"line":106}},"branchMap":{"0":{"loc":{"start":{"line":54,"column":2},"end":{"line":54,"column":null}},"type":"if","locations":[{"start":{"line":54,"column":2},"end":{"line":54,"column":null}},{"start":{},"end":{}}],"line":54},"1":{"loc":{"start":{"line":88,"column":48},"end":{"line":88,"column":83}},"type":"cond-expr","locations":[{"start":{"line":88,"column":68},"end":{"line":88,"column":77}},{"start":{"line":88,"column":77},"end":{"line":88,"column":83}}],"line":88},"2":{"loc":{"start":{"line":92,"column":13},"end":{"line":113,"column":null}},"type":"cond-expr","locations":[{"start":{"line":93,"column":14},"end":{"line":97,"column":34}},{"start":{"line":97,"column":16},"end":{"line":113,"column":null}}],"line":92},"3":{"loc":{"start":{"line":92,"column":13},"end":{"line":92,"column":null}},"type":"binary-expr","locations":[{"start":{"line":92,"column":13},"end":{"line":92,"column":34}},{"start":{"line":92,"column":34},"end":{"line":92,"column":null}}],"line":92},"4":{"loc":{"start":{"line":97,"column":16},"end":{"line":113,"column":null}},"type":"cond-expr","locations":[{"start":{"line":98,"column":14},"end":{"line":104,"column":15}},{"start":{"line":104,"column":14},"end":{"line":113,"column":null}}],"line":97},"5":{"loc":{"start":{"line":132,"column":38},"end":{"line":132,"column":null}},"type":"cond-expr","locations":[{"start":{"line":132,"column":53},"end":{"line":132,"column":64}},{"start":{"line":132,"column":64},"end":{"line":132,"column":null}}],"line":132},"6":{"loc":{"start":{"line":142,"column":15},"end":{"line":160,"column":null}},"type":"binary-expr","locations":[{"start":{"line":142,"column":15},"end":{"line":142,"column":null}},{"start":{"line":143,"column":16},"end":{"line":160,"column":null}}],"line":142}},"s":{"0":4,"1":17,"2":17,"3":1,"4":8,"5":1},"f":{"0":17,"1":1},"b":{"0":[1,16],"1":[1,7],"2":[1,7],"3":[17,1],"4":[6,1],"5":[2,6],"6":[17,2]},"meta":{"lastBranch":7,"lastFunction":2,"lastStatement":6,"seen":{"s:35:13:164:Infinity":0,"f:35:13:35:62":0,"s:51:4:52:25":1,"b:54:2:54:Infinity:undefined:undefined:undefined:undefined":0,"s:54:2:54:Infinity":2,"s:54:15:54:Infinity":3,"s:56:2:164:Infinity":4,"b:88:68:88:77:88:77:88:83":1,"b:93:14:97:34:97:16:113:Infinity":2,"b:92:13:92:34:92:34:92:Infinity":3,"b:98:14:104:15:104:14:113:Infinity":4,"f:105:35:105:40":1,"s:106:18:111:Infinity":5,"b:132:53:132:64:132:64:132:Infinity":5,"b:142:15:142:Infinity:143:16:160:Infinity":6}}},"/Users/rhishikesh/GITHUB/_SANDBOX/react-cloudhub-explorer-ui/application-source/src/features/auth/PasscodeOverlay.tsx":{"path":"/Users/rhishikesh/GITHUB/_SANDBOX/react-cloudhub-explorer-ui/application-source/src/features/auth/PasscodeOverlay.tsx","statementMap":{"0":{"start":{"line":21,"column":13},"end":{"line":104,"column":null}},"1":{"start":{"line":22,"column":14},"end":{"line":22,"column":50}},"2":{"start":{"line":23,"column":20},"end":{"line":28,"column":null}},"3":{"start":{"line":30,"column":8},"end":{"line":44,"column":null}},"4":{"start":{"line":31,"column":4},"end":{"line":32,"column":null}},"5":{"start":{"line":32,"column":6},"end":{"line":32,"column":null}},"6":{"start":{"line":35,"column":4},"end":{"line":36,"column":null}},"7":{"start":{"line":36,"column":6},"end":{"line":36,"column":null}},"8":{"start":{"line":39,"column":19},"end":{"line":39,"column":27}},"9":{"start":{"line":40,"column":4},"end":{"line":40,"column":null}},"10":{"start":{"li
[...]
}}],"line":29},"2":{"loc":{"start":{"line":31,"column":41},"end":{"line":31,"column":60}},"type":"binary-expr","locations":[{"start":{"line":31,"column":41},"end":{"line":31,"column":53}},{"start":{"line":31,"column":53},"end":{"line":31,"column":60}}],"line":31},"3":{"loc":{"start":{"line":32,"column":18},"end":{"line":32,"column":69}},"type":"binary-expr","locations":[{"start":{"line":32,"column":18},"end":{"line":32,"column":63}},{"start":{"line":32,"column":67},"end":{"line":32,"column":69}}],"line":32},"4":{"loc":{"start":{"line":39,"column":52},"end":{"line":39,"column":107}},"type":"binary-expr","locations":[{"start":{"line":39,"column":52},"end":{"line":39,"column":82}},{"start":{"line":39,"column":82},"end":{"line":39,"column":107}}],"line":39},"5":{"loc":{"start":{"line":41,"column":8},"end":{"line":58,"column":null}},"type":"if","locations":[{"start":{"line":41,"column":8},"end":{"line":58,"column":null}},{"start":{},"end":{}}],"line":41},"6":{"loc":{"start":{"line":41,"column":12},"end":{"line":41,"column":68}},"type":"binary-expr","locations":[{"start":{"line":41,"column":12},"end":{"line":41,"column":35}},{"start":{"line":41,"column":35},"end":{"line":41,"column":68}}],"line":41},"7":{"loc":{"start":{"line":46,"column":12},"end":{"line":51,"column":null}},"type":"if","locations":[{"start":{"line":46,"column":12},"end":{"line":51,"column":null}},{"start":{"line":49,"column":23},"end":{"line":51,"column":null}}],"line":46},"8":{"loc":{"start":{"line":49,"column":23},"end":{"line":51,"column":null}},"type":"if","locations":[{"start":{"line":49,"column":23},"end":{"line":51,"column":null}},{"start":{},"end":{}}],"line":49},"9":{"loc":{"start":{"line":54,"column":12},"end":{"line":58,"column":null}},"type":"if","locations":[{"start":{"line":54,"column":12},"end":{"line":58,"column":null}},{"start":{},"end":{}}],"line":54},"10":{"loc":{"start":{"line":54,"column":16},"end":{"line":54,"column":44}},"type":"binary-expr","locations":[{"start":{"line":54,"column":16},"end":{"line":54,"column":32}},{"start":{"line":54,"column":32},"end":{"line":54,"column":44}}],"line":54},"11":{"loc":{"start":{"line":55,"column":41},"end":{"line":55,"column":67}},"type":"binary-expr","locations":[{"start":{"line":55,"column":41},"end":{"line":55,"column":61}},{"start":{"line":55,"column":65},"end":{"line":55,"column":67}}],"line":55},"12":{"loc":{"start":{"line":57,"column":33},"end":{"line":57,"column":130}},"type":"cond-expr","locations":[{"start":{"line":57,"column":44},"end":{"line":57,"column":97}},{"start":{"line":57,"column":97},"end":{"line":57,"column":130}}],"line":57},"13":{"loc":{"start":{"line":58,"column":107},"end":{"line":58,"column":126}},"type":"binary-expr","locations":[{"start":{"line":58,"column":107},"end":{"line":58,"column":119}},{"start":{"line":58,"column":119},"end":{"line":58,"column":126}}],"line":58},"14":{"loc":{"start":{"line":65,"column":33},"end":{"line":65,"column":59}},"type":"binary-expr","locations":[{"start":{"line":65,"column":33},"end":{"line":65,"column":53}},{"start":{"line":65,"column":57},"end":{"line":65,"column":59}}],"line":65},"15":{"loc":{"start":{"line":67,"column":23},"end":{"line":67,"column":null}},"type":"cond-expr","locations":[{"start":{"line":67,"column":36},"end":{"line":67,"column":55}},{"start":{"line":67,"column":55},"end":{"line":67,"column":null}}],"line":67},"16":{"loc":{"start":{"line":68,"column":59},"end":{"line":68,"column":78}},"type":"binary-expr","locations":[{"start":{"line":68,"column":59},"end":{"line":68,"column":71}},{"start":{"line":68,"column":71},"end":{"line":68,"column":78}}],"line":68},"17":{"loc":{"start":{"line":71,"column":4},"end":{"line":71,"column":null}},"type":"if","locations":[{"start":{"line":71,"column":4},"end":{"line":71,"column":null}},{"start":{},"end":{}}],"line":71},"18":{"loc":{"start":{"line":71,"column":8},"end":{"line":71,"column":30}},"type":"binary-expr","locations":[{"start":{"line":71,"column":8},"end":{"line":71,"column":19}},{"start":{"line":71,"column":19},"end":{"line":71,"column":30}}],"line":71},"19":{"loc":{"start":{"line":122,"column":21},"end":{"line":146,"column":null}},"type":"cond-expr","locations":[{"start":{"line":123,"column":24},"end":{"line":124,"column":null}},{"start":{"line":127,"column":24},"end":{"line":146,"column":null}}],"line":122},"20":{"loc":{"start":{"line":129,"column":50},"end":{"line":129,"column":null}},"type":"binary-expr","locations":[{"start":{"line":129,"column":50},"end":{"line":129,"column":83}},{"start":{"line":129,"column":83},"end":{"line":129,"column":null}}],"line":129},"21":{"loc":{"start":{"line":131,"column":158},"end":{"line":131,"column":229}},"type":"cond-expr","locations":[{"start":{"line":131,"column":170},"end":{"line":131,"column":204}},{"start":{"line":131,"column":204},"end":{"line":131,"column":229}}],"line":131},"22":{"loc":{"start":{"line":131,"column":240},"end":{"line":131,"column":294}},"type":"cond-expr","locations":[{"start":{"line":131,"column":252},"end":{"line":131,"column":286}},{"start":{"line":131,"column":286},"end":{"line":131,"column":294}}],"line":131},"23":{"loc":{"start":{"line":132,"column":41},"end":{"line":133,"column":41}},"type":"binary-expr","locations":[{"start":{"line":132,"column":41},"end":{"line":132,"column":54}},{"start":{"line":132,"column":54},"end":{"line":133,"column":41}}],"line":132},"24":{"loc":{"start":{"line":134,"column":54},"end":{"line":134,"column":null}},"type":"cond-expr","locations":[{"start":{"line":134,"column":75},"end":{"line":134,"column":86}},{"start":{"line":134,"column":86},"end":{"line":134,"column":null}}],"line":134},"25":{"loc":{"start":{"line":134,"column":86},"end":{"line":134,"column":null}},"type":"cond-expr","locations":[{"start":{"line":134,"column":105},"end":{"line":134,"column":114}},{"start":{"line":134,"column":114},"end":{"line":134,"column":null}}],"line":134},"26":{"loc":{"start":{"line":136,"column":44},"end":{"line":140,"column":null}},"type":"if","locations":[{"start":{"line":136,"column":44},"end":{"line":140,"column":null}},{"start":{},"end":{}}],"line":136},"27":{"loc":{"start":{"line":136,"column":48},"end":{"line":136,"column":57}},"type":"binary-expr","locations":[{"start":{"line":136,"column":48},"end":{"line":136,"column":53}},{"start":{"line":136,"column":53},"end":{"line":136,"column":57}}],"line":136},"28":{"loc":{"start":{"line":137,"column":73},"end":{"line":137,"column":99}},"type":"binary-expr","locations":[{"start":{"line":137,"column":73},"end":{"line":137,"column":93}},{"start":{"line":137,"column":97},"end":{"line":137,"column":99}}],"line":137},"29":{"loc":{"start":{"line":139,"column":65},"end":{"line":139,"column":154}},"type":"cond-expr","locations":[{"start":{"line":139,"column":76},"end":{"line":139,"column":125}},{"start":{"line":139,"column":125},"end":{"line":139,"column":154}}],"line":139},"30":{"loc":{"start":{"line":140,"column":120},"end":{"line":140,"column":139}},"type":"binary-expr","locations":[{"start":{"line":140,"column":120},"end":{"line":140,"column":132}},{"start":{"line":140,"column":132},"end":{"line":140,"column":139}}],"line":140},"31":{"loc":{"start":{"line":152,"column":13},"end":{"line":161,"column":null}},"type":"binary-expr","locations":[{"start":{"line":152,"column":13},"end":{"line":152,"column":null}},{"start":{"line":153,"column":16},"end":{"line":161,"column":null}}],"line":152}},"s":{"0":2,"1":10,"2":10,"3":10,"4":10,"5":10,"6":10,"7":10,"8":10,"9":29,"10":10,"11":10,"12":10,"13":2,"14":3,"15":2,"16":2,"17":2,"18":2,"19":2,"20":1,"21":1,"22":1,"23":1,"24":1,"25":2,"26":2,"27":2,"28":4,"29":2,"30":2,"31":10,"32":1,"33":1,"34":2,"35":1,"36":1,"37":10,"38":0,"39":10,"40":1,"41":2,"42":0,"43":29,"44":29,"45":1,"46":1,"47":1,"48":1,"49":1,"50":2,"51":1,"52":1,"53":4,"54":0},"f":{"0":10,"1":29,"2":2,"3":3,"4":4,"5":1,"6":2,"7":1,"8":2,"9":0,"10":29,"11":1,"12":2,"13":4,"14":0,"15":0},"b":{"0":[10,0],"1":[10,0],"2":[10,0],"3":[10,0],"4":[3,2],"5":[2,0],"6":[2,2],"7":[1,1],"8":[1,0],"9":[2,0],"10":[2,2],"11":[2,0],"12":[2,0],"13":[2,0],"14":[1,0],"15":[1,0],"16":[1,0],"17":[0,10],"18":[10,10],"19":[0,10],"20":[29,20],"21":[10,19],"22":[10,19],"23":[29,10],"24":[1,0],"25":[0,0],"26":[1,0],"27":[1,1],"28":[1,0],"29":[1,0],"30":[1,0],"31":[10,2]},"meta":{"lastBranch":32,"lastFunction":16,"lastStatement":55,"seen":{"s:22:6:161:Infinity":0,"f:22:6:22:40":0,"s:23:39:23:110":1,"s:24:11:24:38":2,"s:25:10:25:34":3,"s:27:21:27:Infinity":4,"b:27:21:27:47:27:51:27:Infinity":0,"s:28:21:28:44":5,"s:29:23:29:Infinity":6,"b:29:23:29:48:29:52:29:Infinity":1,"s:31:18:31:60":7,"b:31:41:31:53:31:53:31:60":2,"s:32:18:32:69":8,"b:32:18:32:63:32:67:32:69":3,"f:32:31:32:39":1,"s:32:45:32:63":9,"s:34:33:34:75":10,"s:35:24:35:53":11,"s:38:10:58:Infinity":12,"f:38:10:38:29":2,"s:39:29:39:107":13,"f:39:35:39:46":3,"s:39:52:39:107":14,"b:39:52:39:82:39:82:39:107":4,"b:41:8:58:Infinity:undefined:undefined:undefined:undefined":5,"s:41:8:58:Infinity":15,"b:41:12:41:35:41:35:41:68":6,"s:42:29:42:Infinity":16,"s:43:31:43:Infinity":17,"s:44:29:44:Infinity":18,"b:46:12:51:Infinity:49:23:51:Infinity":7,"s:46:12:51:Infinity":19,"s:47:16:47:Infinity":20,"s:48:16:48:Infinity":21,"b:49:23:51:Infinity:undefined:undefined:undefined:undefined":8,"s:49:23:51:Infinity":22,"s:50:16:50:Infinity":23,"s:51:16:51:Infinity":24,"b:54:12:58:Infinity:undefined:undefined:undefined:undefined":9,"s:54:12:58:Infinity":25,"b:54:16:54:32:54:32:54:44":10,"s:55:41:55:67":26,"b:55:41:55:61:55:65:55:67":11,"s:56:33:56:104":27,"f:56:63:56:67":4,"s:56:72:56:93":28,"s:57:33:57:130":29,"b:57:44:57:97:57:97:57:130":12,"s:58:16:58:Infinity":30,"b:58:107:58:119:58:119:58:126":13,"s:64:10:68:Infinity":31,"f:64:10:64:29":5,"s:65:33:65:59":32,"b:65:33:65:53:65:57:65:59":14,"s:66:27:66:98":33,"f:66:57:66:61":6,"s:66:66:66:87":34,"s:67:23:67:Infinity":35,"b:67:36:67:55:67:55:67:Infinity":15,"s:68:8:68:Infinity":36,"b:68:59:68:71:68:71:68:78":16,"b:71:4:71:Infinity:undefined:undefined:undefined:undefined":17,"s:71:4:71:Infinity":37,"b:71:8:71:19:71:19:71:30":18,"s:71:30:71:Infinity":38,"s:73:4:161:Infinity":39,"f:99:20:99:40":7,"s:99:46:99:Infinity":40,"f:103:28:103:43":8,"s:103:43:103:72":41,"b:123:24:124:Infinity:127:24:146:Infinity":19,"f:123:50:123:55":9,"s:124:28:124:Infinity":42,"f:128:35:128:40":10,"s:129:50:129:Infinity":43,"b:129:50:129:83:129:83:129:Infinity":20,"s:130:32:143:Infinity":44,"b:131:170:131:204:131:204:131:229":21,"b:131:252:131:286:131:286:131:294":22,"b:132:41:132:54:132:54:133:41":23,"f:133:62:133:77":11,"s:134:54:134:Infinity":45,"b:134:75:134:86:134:86:134:Infinity":24,"b:134:105:134:114:134:114:134:Infinity":25,"s:135:55:135:Infinity":46,"b:136:44:140:Infinity:undefined:undefined:undefined:undefined":26,"s:136:44:140:Infinity":47,"b:136:48:136:53:136:53:136:57":27,"s:137:73:137:99":48,"b:137:73:137:93:137:97:137:99":28,"s:138:65:138:136":49,"f:138:95:138:99":12,"s:138:104:138:125":50,"s:139:65:139:154":51,"b:139:76:139:125:139:125:139:154":29,"s:140:48:140:Infinity":52,"b:140:120:140:132:140:132:140:139":30,"b:152:13:152:Infinity:153:16:161:Infinity":31,"f:154:37:154:42":13,"s:154:47:154:74":53,"f:159:20:159:35":14,"s:159:35:159:65":54,"f:160:20:160:36":15}}},"/Users/rhishikesh/GITHUB/_SANDBOX/react-cloudhub-explorer-ui/application-source/src/pages/Viewer.tsx":{"path":"/Users/rhishikesh/GITHUB/_SANDBOX/react-cloudhub-explorer-ui/application-source/src/pages/Viewer.tsx","statementMap":{"0":{"start":{"line":17,"column":11},"end":{"line":17,"column":38}},"1":{"start":{"line":19,"column":21},"end":{"line":19,"column":43}},"2":{"start":{"line":20,"column":19},"end":{"line":20,"column":40}},"3":{"start":{"line":21,"column":21},"end":{"line":21,"column":44}},"4":{"start":{"line":23,"column":4},"end":{"line":23,"column":null}},"5":{"start":{"line":25,"column":18},"end":{"line":25,"column":null}},"6":{"start":{"line":27,"column":8},"end":{"line":31,"column":null}},"7":{"start":{"line":33,"column":4},"end":{"line":39,"column":null}}},"fnMap":{"0":{"name":"Viewer","decl":{"start":{"line":16,"column":24},"end":{"line":16,"column":33}},"loc":{"start":{"line":16,"column":33},"end":{"line":39,"column":null}},"line":16}},"branchMap":{"0":{"loc":{"start":{"line":25,"column":18},"end":{"line":25,"column":null}},"type":"binary-expr","locations":[{"start":{"line":25,"column":18},"end":{"line":25,"column":54}},{"start":{"line":25,"column":58},"end":{"line":25,"column":null}}],"line":25},"1":{"loc":{"start":{"line":30,"column":41},"end":{"line":30,"column":56}},"type":"binary-expr","locations":[{"start":{"line":30,"column":41},"end":{"line":30,"column":53}},{"start":{"line":30,"column":53},"end":{"line":30,"column":56}}],"line":30},"2":{"loc":{"start":{"line":31,"column":9},"end":{"line":31,"column":null}},"type":"cond-expr","locations":[{"start":{"line":31,"column":17},"end":{"line":31,"column":57}},{"start":{"line":31,"column":57},"end":{"line":31,"column":null}}],"line":31}},"s":{"0":2,"1":2,"2":2,"3":2,"4":2,"5":2,"6":2,"7":2},"f":{"0":2},"b":{"0":[2,1],"1":[2,0],"2":[1,1]},"meta":{"lastBranch":3,"lastFunction":1,"lastStatement":8,"seen":{"f:16:24:16:33":0,"s:17:11:17:38":0,"s:19:21:19:43":1,"s:20:19:20:40":2,"s:21:21:21:44":3,"s:23:4:23:Infinity":4,"s:25:18:25:Infinity":5,"b:25:18:25:54:25:58:25:Infinity":0,"s:27:8:31:Infinity":6,"b:30:41:30:53:30:53:30:56":1,"b:31:17:31:57:31:57:31:Infinity":2,"s:33:4:39:Infinity":7}}},"/Users/rhishikesh/GITHUB/_SANDBOX/react-cloudhub-explorer-ui/application-source/src/services/apiClient.ts":{"path":"/Users/rhishikesh/GITHUB/_SANDBOX/react-cloudhub-explorer-ui/application-source/src/services/apiClient.ts","statementMap":{"0":{"start":{"line":12,"column":17},"end":{"line":12,"column":null}},"1":{"start":{"line":15,"column":6},"end":{"line":22,"column":null}},"2":{"start":{"line":16,"column":44},"end":{"line":16,"column":46}},"3":{"start":{"line":17,"column":4},"end":{"line":17,"column":null}},"4":{"start":{"line":17,"column":21},"end":{"line":17,"column":null}},"5":{"start":{"line":19,"column":18},"end":{"line":19,"column":54}},"6":{"start":{"line":20,"column":4},"end":{"line":20,"column":null}},"7":{"start":{"line":20,"column":15},"end":{"line":20,"column":null}},"8":{"start":{"line":22,"column":4},"end":{"line":22,"column":null}},"9":{"start":{"line":26,"column":25},"end":{"line":77,"column":null}},"10":{"start":{"line":29,"column":20},"end":{"line":31,"column":10}},"11":{"start":{"line":32,"column":8},"end":{"line":33,"column":null}},"12":{"start":{"line":33,"column":12},"end":{"line":33,"column":null}},"13":{"start":{"line":35,"column":8},"end":{"line":35,"column":null}},"14":{"start":{"line":40,"column":27},"end":{"line":40,"column":null}},"15":{"start":{"line":41,"column":20},"end":{"line":45,"column":10}},"16":{"start":{"line":46,"column":8},"end":{"line":47,"column":null}},"17":{"start":{"line":47,"column":12},"end":{"line":47,"column":null}},"18":{"start":{"line":49,"column":8},"end":{"line":49,"column":null}},"19":{"start":{"line":54,"column":27},"end":{"line":54,"column":null}},"20":{"start":{"line":55,"column":20},"end":{"line":59,"column":10}},"21":{"start":{"line":60,"column":8},"end":{"line":61,"column":null}},"22":{"start":{"line":61,"column":12},"end":{"line":61,"column":null}},"23":{"start":{"line":63,"column":8},"end":{"line":63,"column":null}},"24":{"start":{"line":68,"column":20},"end":{"line":71,"column":10}},"25":{"start":{"line":72,"column":8},"end":{"line":73,"column":null}},"26":{"start":{"line":73,"column":12},"end":{"line":73,"column":null}},"27":{"start":{"line":75,"column":8},"end":{"line":75,"column":null}}},"fnMap":{"0":{"name":"(anonymous_0)","decl":{"start":{"line":15,"column":6},"end":{"line":15,"column":20}},"loc":{"start":{"line":15,"column":76},"end":{"line":22,"column":null}},"line":15},"1":{"name":"(anonymous_1)","decl":{"start":{"line":28,"column":9},"end":{"line":28,"column":19}},"loc":{"start":{"line":28,"column":52},"end":{"line":35,"column":null}},"line":28},"2":{"name":"(anonymous_2)","decl":{"start":{"line":39,"column":10},"end":{"line":39,"column":20}},"loc":{"start":{"line":39,"column":68},"end":{"line":49,"column":null}},"line":39},"3":{"name":"(anonymous_3)","decl":{"start":{"line":53,"column":11},"end":{"line":53,"column":21}},"loc":{"start":{"line":53,"column":69},"end":{"line":63,"column":null}},"line":53},"4":{"name":"(anonymous_4)","decl":{"start":{"line":67,"column":12},"end":{"line":67,"column":22}},"loc":{"start":{"line":67,"column":55},"end":{"line":75,"column":null}},"line":67}},"branchMap":{"0":{"loc":{"start":{"line":15,"column":20},"end":{"line":15,"column":76}},"type":"default-arg","locations":[{"start":{"line":15,"column":42},"end":{"line":15,"column":76}}],"line":15},"1":{"loc":{"start":{"line":17,"column":4},"end":{"line":17,"column":null}},"type":"if","locations":[{"start":{"line":17,"column":4},"end":{"line":17,"column":null}},{"start":{},"end":{}}],"line":17},"2":{"loc":{"start":{"line":20,"column":4},"end":{"line":20,"column":null}},"type":"if","locations":[{"start":{"line":20,"column":4},"end":{"line":20,"column":null}},{"start":{},"end":{}}],"line":20},"3":{"loc":{"start":{"line":32,"column":8},"end":{"line":33,"column":null}},"type":"if","locations":[{"start":{"line":32,"column":8},"end":{"line":33,"column":null}},{"start":{},"end":{}}],"line":32},"4":{"loc":{"start":{"line":44,"column":18},"end":{"line":44,"column":null}},"type":"cond-expr","locations":[{"start":{"line":44,"column":32},"end":{"line":44,"column":52}},{"start":{"line":44,"column":52},"end":{"line":44,"column":null}}],"line":44},"5":{"loc":{"start":{"line":46,"column":8},"end":{"line":47,"column":null}},"type":"if","locations":[{"start":{"line":46,"column":8},"end":{"line":47,"column":null}},{"start":{},"end":{}}],"line":46},"6":{"loc":{"start":{"line":58,"column":18},"end":{"line":58,"column":null}},"type":"cond-expr","locations":[{"start":{"line":58,"column":32},"end":{"line":58,"column":52}},{"start":{"line":58,"column":52},"end":{"line":58,"column":null}}],"line":58},"7":{"loc":{"start":{"line":60,"column":8},"end":{"line":61,"column":null}},"type":"if","locations":[{"start":{"line":60,"column":8},"end":{"line":61,"column":null}},{"start":{},"end":{}}],"line":60},"8":{"loc":{"start":{"line":72,"column":8},"end":{"line":73,"column":null}},"type":"if","locations":[{"start":{"line":72,"column":8},"end":{"line":73,"column":null}},{"start":{},"end":{}}],"line":72}},"s":{"0":5,"1":5,"2":11,"3":11,"4":9,"5":11,"6":11,"7":1,"8":11,"9":5,"10":3,"11":3,"12":1,"13":2,"14":3,"15":3,"16":3,"17":1,"18":2,"19":3,"20":3,"21":3,"22":1,"23":2,"24":2,"25":2,"26":1,"27":1},"f":{"0":11,"1":3,"2":3,"3":3,"4":2},"b":{"0":[11],"1":[9,2],"2":[1,10],"3":[1,2],"4":[1,2],"5":[1,2],"6":[1,2],"7":[1,2],"8":[1,1]},"meta":{"lastBranch":9,"lastFunction":5,"lastStatement":28,"seen":{"s:12:17:12:Infinity":0,"s:15:6:22:Infinity":1,"f:15:6:15:20":0,"b:15:42:15:76":0,"s:16:44:16:46":2,"b:17:4:17:Infinity:undefined:undefined:undefined:undefined":1,"s:17:4:17:Infinity":3,"s:17:21:17:Infinity":4,"s:19:18:19:54":5,"b:20:4:20:Infinity:undefined:undefined:undefined:undefined":2,"s:20:4:20:Infinity":6,"s:20:15:20:Infinity":7,"s:22:4:22:Infinity":8,"s:26:25:77:Infinity":9,"f:28:9:28:19":1,"s:29:20:31:10":10,"b:32:8:33:Infinity:undefined:undefined:undefined:undefined":3,"s:32:8:33:Infinity":11,"s:33:12:33:Infinity":12,"s:35:8:35:Infinity":13,"f:39:10:39:20":2,"s:40:27:40:Infinity":14,"s:41:20:45:10":15,"b:44:32:44:52:44:52:44:Infinity":4,"b:46:8:47:Infinity:undefined:undefined:undefined:undefined":5,"s:46:8:47:Infinity":16,"s:47:12:47:Infinity":17,"s:49:8:49:Infinity":18,"f:53:11:53:21":3,"s:54:27:54:Infinity":19,"s:55:20:59:10":20,"b:58:32:58:52:58:52:58:Infinity":6,"b:60:8:61:Infinity:undefined:undefined:undefined:undefined":7,"s:60:8:61:Infinity":21,"s:61:12:61:Infinity":22,"s:63:8:63:Infinity":23,"f:67:12:67:22":4,"s:68:20:71:10":24,"b:72:8:73:Infinity:undefined:undefined:undefined:undefined":8,"s:72:8:73:Infinity":25,"s:73:12:73:Infinity":26,"s:75:8:75:Infinity":27}}}}}
